Using pre-set license
Built from '2021.3/staging' branch; Version is '2021.3.6f1 (7da38d85baf6) revision 8233869'; Using compiler version '192829333'; Build Type 'Release'
OS: 'Windows 11  (10.0.22621) 64bit Core' Language: 'en' Physical Memory: 16331 MB
BatchMode: 1, IsHumanControllingUs: 0, StartBugReporterOnCrash: 0, Is64bit: 1, IsPro: 1

COMMAND LINE ARGUMENTS:
C:\Program Files\Unity\Hub\Editor\2021.3.6f1\Editor\Unity.exe
-adb2
-batchMode
-noUpm
-name
AssetImportWorker6
-projectPath
C:/Users/Ebony Bloodmoon/OneDrive/Documents/Lydia's short adventure
-logFile
Logs/AssetImportWorker6.log
-srvPort
63604
Successfully changed project path to: C:/Users/Ebony Bloodmoon/OneDrive/Documents/Lydia's short adventure
C:/Users/Ebony Bloodmoon/OneDrive/Documents/Lydia's short adventure
[UnityMemory] Configuration Parameters - Can be set up in boot.config
    "memorysetup-bucket-allocator-granularity=16"
    "memorysetup-bucket-allocator-bucket-count=8"
    "memorysetup-bucket-allocator-block-size=33554432"
    "memorysetup-bucket-allocator-block-count=8"
    "memorysetup-main-allocator-block-size=16777216"
    "memorysetup-thread-allocator-block-size=16777216"
    "memorysetup-gfx-main-allocator-block-size=16777216"
    "memorysetup-gfx-thread-allocator-block-size=16777216"
    "memorysetup-cache-allocator-block-size=4194304"
    "memorysetup-typetree-allocator-block-size=2097152"
    "memorysetup-profiler-bucket-allocator-granularity=16"
    "memorysetup-profiler-bucket-allocator-bucket-count=8"
    "memorysetup-profiler-bucket-allocator-block-size=33554432"
    "memorysetup-profiler-bucket-allocator-block-count=8"
    "memorysetup-profiler-allocator-block-size=16777216"
    "memorysetup-profiler-editor-allocator-block-size=1048576"
    "memorysetup-temp-allocator-size-main=16777216"
    "memorysetup-job-temp-allocator-block-size=2097152"
    "memorysetup-job-temp-allocator-block-size-background=1048576"
    "memorysetup-job-temp-allocator-reduction-small-platforms=262144"
    "memorysetup-temp-allocator-size-background-worker=32768"
    "memorysetup-temp-allocator-size-job-worker=262144"
    "memorysetup-temp-allocator-size-preload-manager=33554432"
    "memorysetup-temp-allocator-size-nav-mesh-worker=65536"
    "memorysetup-temp-allocator-size-audio-worker=65536"
    "memorysetup-temp-allocator-size-cloud-worker=32768"
    "memorysetup-temp-allocator-size-gi-baking-worker=262144"
    "memorysetup-temp-allocator-size-gfx=262144"
Refreshing native plugins compatible for Editor in 101.36 ms, found 3 plugins.
Preloading 0 native plugins for Editor in 0.00 ms.
Initialize engine version: 2021.3.6f1 (7da38d85baf6)
[Subsystems] Discovering subsystems at path C:/Program Files/Unity/Hub/Editor/2021.3.6f1/Editor/Data/Resources/UnitySubsystems
[Subsystems] Discovering subsystems at path C:/Users/Ebony Bloodmoon/OneDrive/Documents/Lydia's short adventure/Assets
GfxDevice: creating device client; threaded=0; jobified=0
Direct3D:
    Version:  Direct3D 11.0 [level 11.1]
    Renderer: AMD Radeon RX 6600 XT (ID=0x73ff)
    Vendor:   ATI
    VRAM:     8147 MB
    Driver:   27.20.22016.2
Initialize mono
Mono path[0] = 'C:/Program Files/Unity/Hub/Editor/2021.3.6f1/Editor/Data/Managed'
Mono path[1] = 'C:/Program Files/Unity/Hub/Editor/2021.3.6f1/Editor/Data/MonoBleedingEdge/lib/mono/unityjit-win32'
Mono config path = 'C:/Program Files/Unity/Hub/Editor/2021.3.6f1/Editor/Data/MonoBleedingEdge/etc'
Using monoOptions --debugger-agent=transport=dt_socket,embedding=1,server=y,suspend=n,address=127.0.0.1:56760
Begin MonoManager ReloadAssembly
Registering precompiled unity dll's ...
Register platform support module: C:/Program Files/Unity/Hub/Editor/2021.3.6f1/Editor/Data/PlaybackEngines/AndroidPlayer/UnityEditor.Android.Extensions.dll
Register platform support module: C:/Program Files/Unity/Hub/Editor/2021.3.6f1/Editor/Data/PlaybackEngines/iOSSupport/UnityEditor.iOS.Extensions.dll
Register platform support module: C:/Program Files/Unity/Hub/Editor/2021.3.6f1/Editor/Data/PlaybackEngines/AppleTVSupport/UnityEditor.AppleTV.Extensions.dll
Register platform support module: C:/Program Files/Unity/Hub/Editor/2021.3.6f1/Editor/Data/PlaybackEngines/WindowsStandaloneSupport/UnityEditor.WindowsStandalone.Extensions.dll
Registered in 0.010954 seconds.
Native extension for WindowsStandalone target not found
[usbmuxd] Start listen thread
[usbmuxd] Listen thread started
Native extension for AppleTV target not found
[usbmuxd] Start listen thread
[usbmuxd] Listen thread started
Native extension for iOS target not found
Native extension for Android target not found
Refreshing native plugins compatible for Editor in 87.83 ms, found 3 plugins.
Preloading 0 native plugins for Editor in 0.00 ms.
Mono: successfully reloaded assembly
- Completed reload, in  0.698 seconds
Domain Reload Profiling:
	ReloadAssembly (699ms)
		BeginReloadAssembly (95ms)
			ExecutionOrderSort (0ms)
			DisableScriptedObjects (0ms)
			BackupInstance (0ms)
			ReleaseScriptingObjects (0ms)
			CreateAndSetChildDomain (1ms)
		EndReloadAssembly (483ms)
			LoadAssemblies (93ms)
			RebuildTransferFunctionScriptingTraits (0ms)
			SetupTypeCache (118ms)
			ReleaseScriptCaches (0ms)
			RebuildScriptCaches (24ms)
			SetupLoadedEditorAssemblies (291ms)
				LogAssemblyErrors (0ms)
				InitializePlatformSupportModulesInManaged (68ms)
				SetLoadedEditorAssemblies (2ms)
				RefreshPlugins (88ms)
				BeforeProcessingInitializeOnLoad (1ms)
				ProcessInitializeOnLoadAttributes (92ms)
				ProcessInitializeOnLoadMethodAttributes (40ms)
				AfterProcessingInitializeOnLoad (0ms)
				EditorAssembliesLoaded (0ms)
			ExecutionOrderSort2 (0ms)
			AwakeInstancesAfterBackupRestoration (0ms)
Platform modules already initialized, skipping
Registering precompiled user dll's ...
Registered in 0.012753 seconds.
Begin MonoManager ReloadAssembly
Symbol file LoadedFromMemory doesn't match image C:\Users\Ebony Bloodmoon\OneDrive\Documents\Lydia's short adventure\Library\PackageCache\com.unity.visualscripting@1.7.8\Editor\VisualScripting.Core\Dependencies\YamlDotNet\Unity.VisualScripting.YamlDotNet.dll
Symbol file LoadedFromMemory doesn't match image C:\Users\Ebony Bloodmoon\OneDrive\Documents\Lydia's short adventure\Library\PackageCache\com.unity.visualscripting@1.7.8\Editor\VisualScripting.Core\Dependencies\DotNetZip\Unity.VisualScripting.IonicZip.dll
Native extension for WindowsStandalone target not found
Native extension for AppleTV target not found
Native extension for iOS target not found
Native extension for Android target not found
Refreshing native plugins compatible for Editor in 0.77 ms, found 3 plugins.
Preloading 0 native plugins for Editor in 0.00 ms.
Mono: successfully reloaded assembly
- Completed reload, in  1.137 seconds
Domain Reload Profiling:
	ReloadAssembly (1138ms)
		BeginReloadAssembly (211ms)
			ExecutionOrderSort (0ms)
			DisableScriptedObjects (5ms)
			BackupInstance (0ms)
			ReleaseScriptingObjects (0ms)
			CreateAndSetChildDomain (121ms)
		EndReloadAssembly (810ms)
			LoadAssemblies (97ms)
			RebuildTransferFunctionScriptingTraits (0ms)
			SetupTypeCache (254ms)
			ReleaseScriptCaches (1ms)
			RebuildScriptCaches (49ms)
			SetupLoadedEditorAssemblies (381ms)
				LogAssemblyErrors (0ms)
				InitializePlatformSupportModulesInManaged (26ms)
				SetLoadedEditorAssemblies (0ms)
				RefreshPlugins (1ms)
				BeforeProcessingInitializeOnLoad (93ms)
				ProcessInitializeOnLoadAttributes (228ms)
				ProcessInitializeOnLoadMethodAttributes (23ms)
				AfterProcessingInitializeOnLoad (10ms)
				EditorAssembliesLoaded (0ms)
			ExecutionOrderSort2 (0ms)
			AwakeInstancesAfterBackupRestoration (5ms)
Platform modules already initialized, skipping
========================================================================
Worker process is ready to serve import requests
Launched and connected shader compiler UnityShaderCompiler.exe after 0.04 seconds
Refreshing native plugins compatible for Editor in 0.74 ms, found 3 plugins.
Preloading 0 native plugins for Editor in 0.00 ms.
Unloading 3508 Unused Serialized files (Serialized files now loaded: 0)
Unloading 39 unused Assets / (1.3 MB). Loaded Objects now: 3963.
Memory consumption went from 131.8 MB to 130.5 MB.
Total: 3.827700 ms (FindLiveObjects: 0.392400 ms CreateObjectMapping: 0.094400 ms MarkObjects: 2.969300 ms  DeleteObjects: 0.370100 ms)

AssetImportParameters requested are different than current active one (requested -> active):
  custom:video-decoder-ogg-theora: a1e56fd34408186e4bbccfd4996cb3dc -> 
  custom:container-muxer-webm: aa71ff27fc2769a1b78a27578f13a17b -> 
  custom:container-demuxer-webm: 4f35f7cbe854078d1ac9338744f61a02 -> 
  custom:video-encoder-webm-vp8: eb34c28f22e8b96e1ab97ce403110664 -> 
  custom:audio-encoder-webm-vorbis: bf7c407c2cedff20999df2af8eb42d56 -> 
  custom:framework-win-MediaFoundation: 216162199b28c13a410421893ffa2e32 -> 
  custom:container-demuxer-ogg: 62fdf1f143b41e24485cea50d1cbac27 -> 
  custom:video-decoder-webm-vp8: 9c59270c3fd7afecdb556c50c9e8de78 -> 
  custom:audio-decoder-ogg-vorbis: bf7c407c2cedff20999df2af8eb42d56 -> 
========================================================================
Received Import Request.
  Time since last request: 321125.460323 seconds.
  path: Assets/Textures/FX_Kandol_Pack/FX_effect_sprite_image01_02/FX_magic circle_effects_free/Prefabs/fx_Magiccircle_a.prefab
  artifactKey: Guid(6549634101cfcb240a16a7c79ce24e34) Importer(815301076,1909f56bfc062723c751e8b465ee728b)
Start importing Assets/Textures/FX_Kandol_Pack/FX_effect_sprite_image01_02/FX_magic circle_effects_free/Prefabs/fx_Magiccircle_a.prefab using Guid(6549634101cfcb240a16a7c79ce24e34) Importer(815301076,1909f56bfc062723c751e8b465ee728b)  -> (artifact id: 'f642f64fdba56f0a7f43a79c679ded98') in 0.139612 seconds 
========================================================================
Received Import Request.
  Time since last request: 0.000028 seconds.
  path: Assets/Textures/FX_Kandol_Pack/FX_effect_sprite_image01_02/FX_magic circle_effects_free/Prefabs/fx_Magiccircle_o.prefab
  artifactKey: Guid(f288941371a39be4aafd92f33205c95c) Importer(815301076,1909f56bfc062723c751e8b465ee728b)
Start importing Assets/Textures/FX_Kandol_Pack/FX_effect_sprite_image01_02/FX_magic circle_effects_free/Prefabs/fx_Magiccircle_o.prefab using Guid(f288941371a39be4aafd92f33205c95c) Importer(815301076,1909f56bfc062723c751e8b465ee728b)  -> (artifact id: '060265da284632655d1a810a140886b1') in 0.015896 seconds 
========================================================================
Received Import Request.
  Time since last request: 0.000043 seconds.
  path: Assets/Textures/FX_Kandol_Pack/FX_effect_sprite_image01_02/FX_magic circle_effects_free/Prefabs/fx_Magiccircle_l.prefab
  artifactKey: Guid(be7807b81da16d445978a10b5384625c) Importer(815301076,1909f56bfc062723c751e8b465ee728b)
Start importing Assets/Textures/FX_Kandol_Pack/FX_effect_sprite_image01_02/FX_magic circle_effects_free/Prefabs/fx_Magiccircle_l.prefab using Guid(be7807b81da16d445978a10b5384625c) Importer(815301076,1909f56bfc062723c751e8b465ee728b)  -> (artifact id: '125b7c9d534533cc44105b9df16abc4a') in 0.019858 seconds 
========================================================================
Received Import Request.
  Time since last request: 0.000023 seconds.
  path: Assets/Textures/FX_Kandol_Pack/FX_effect_sprite_image01_02/FX_magic circle_effects_free/Prefabs/fx_Magiccircle_m.prefab
  artifactKey: Guid(55ddb5794ff979445affbc036f2aca7c) Importer(815301076,1909f56bfc062723c751e8b465ee728b)
Start importing Assets/Textures/FX_Kandol_Pack/FX_effect_sprite_image01_02/FX_magic circle_effects_free/Prefabs/fx_Magiccircle_m.prefab using Guid(55ddb5794ff979445affbc036f2aca7c) Importer(815301076,1909f56bfc062723c751e8b465ee728b)  -> (artifact id: '87c96dfbd7eb8418648754fd0434ae85') in 0.016100 seconds 
========================================================================
Received Import Request.
  Time since last request: 0.000026 seconds.
  path: Assets/Textures/FX_Kandol_Pack/FX_effect_sprite_image01_02/FX_magic circle_effects_free/Prefabs/fx_Magiccircle_e.prefab
  artifactKey: Guid(4a151cc9d35f1e342baddb1ec7090977) Importer(815301076,1909f56bfc062723c751e8b465ee728b)
Start importing Assets/Textures/FX_Kandol_Pack/FX_effect_sprite_image01_02/FX_magic circle_effects_free/Prefabs/fx_Magiccircle_e.prefab using Guid(4a151cc9d35f1e342baddb1ec7090977) Importer(815301076,1909f56bfc062723c751e8b465ee728b)  -> (artifact id: '6dfb2663416a7df452d2608228855811') in 0.014177 seconds 
========================================================================
Received Import Request.
  Time since last request: 0.000024 seconds.
  path: Assets/Textures/FX_Kandol_Pack/FX_effect_sprite_image01_02/FX_magic circle_effects_free/Prefabs/fx_Magiccircle_p.prefab
  artifactKey: Guid(88ae62ae7dacfe145a0d8a978a7212a1) Importer(815301076,1909f56bfc062723c751e8b465ee728b)
Start importing Assets/Textures/FX_Kandol_Pack/FX_effect_sprite_image01_02/FX_magic circle_effects_free/Prefabs/fx_Magiccircle_p.prefab using Guid(88ae62ae7dacfe145a0d8a978a7212a1) Importer(815301076,1909f56bfc062723c751e8b465ee728b)  -> (artifact id: '86a8b71cd10907ea76b07920b584fa89') in 0.014721 seconds 
========================================================================
Received Import Request.
  Time since last request: 0.000027 seconds.
  path: Assets/Textures/FX_Kandol_Pack/FX_effect_sprite_image01_02/FX_magic circle_effects_free/Prefabs/fx_Magiccircle_n.prefab
  artifactKey: Guid(f5c7819136a22504a86252f844da0ad5) Importer(815301076,1909f56bfc062723c751e8b465ee728b)
Start importing Assets/Textures/FX_Kandol_Pack/FX_effect_sprite_image01_02/FX_magic circle_effects_free/Prefabs/fx_Magiccircle_n.prefab using Guid(f5c7819136a22504a86252f844da0ad5) Importer(815301076,1909f56bfc062723c751e8b465ee728b)  -> (artifact id: '98c0f235600b33d287c4f515c206a1c9') in 0.014542 seconds 
========================================================================
Received Import Request.
  Time since last request: 0.000026 seconds.
  path: Assets/Textures/FX_Kandol_Pack/FX_effect_sprite_image01_02/FX_magic circle_effects_free/Prefabs/fx_Magiccircle_f.prefab
  artifactKey: Guid(0f9e13a9d43b4ff49ba12cec88b5bbc2) Importer(815301076,1909f56bfc062723c751e8b465ee728b)
Start importing Assets/Textures/FX_Kandol_Pack/FX_effect_sprite_image01_02/FX_magic circle_effects_free/Prefabs/fx_Magiccircle_f.prefab using Guid(0f9e13a9d43b4ff49ba12cec88b5bbc2) Importer(815301076,1909f56bfc062723c751e8b465ee728b)  -> (artifact id: '3112e42f6be50675a4d7d8c3cf739523') in 0.011992 seconds 
Editor requested this worker to shutdown with reason: Scaling down because of idle timeout
AssetImportWorker is now disconnected from the server
Process exiting
Exiting without the bug reporter. Application will terminate with return code 0