Using pre-set license
Built from '2021.3/staging' branch; Version is '2021.3.6f1 (7da38d85baf6) revision 8233869'; Using compiler version '192829333'; Build Type 'Release'
OS: 'Windows 11  (10.0.22621) 64bit Core' Language: 'en' Physical Memory: 16331 MB
BatchMode: 1, IsHumanControllingUs: 0, StartBugReporterOnCrash: 0, Is64bit: 1, IsPro: 1

COMMAND LINE ARGUMENTS:
C:\Program Files\Unity\Hub\Editor\2021.3.6f1\Editor\Unity.exe
-adb2
-batchMode
-noUpm
-name
AssetImportWorker7
-projectPath
C:/Users/Ebony Bloodmoon/OneDrive/Documents/Lydia's short adventure
-logFile
Logs/AssetImportWorker7.log
-srvPort
63604
Successfully changed project path to: C:/Users/Ebony Bloodmoon/OneDrive/Documents/Lydia's short adventure
C:/Users/Ebony Bloodmoon/OneDrive/Documents/Lydia's short adventure
[UnityMemory] Configuration Parameters - Can be set up in boot.config
    "memorysetup-bucket-allocator-granularity=16"
    "memorysetup-bucket-allocator-bucket-count=8"
    "memorysetup-bucket-allocator-block-size=33554432"
    "memorysetup-bucket-allocator-block-count=8"
    "memorysetup-main-allocator-block-size=16777216"
    "memorysetup-thread-allocator-block-size=16777216"
    "memorysetup-gfx-main-allocator-block-size=16777216"
    "memorysetup-gfx-thread-allocator-block-size=16777216"
    "memorysetup-cache-allocator-block-size=4194304"
    "memorysetup-typetree-allocator-block-size=2097152"
    "memorysetup-profiler-bucket-allocator-granularity=16"
    "memorysetup-profiler-bucket-allocator-bucket-count=8"
    "memorysetup-profiler-bucket-allocator-block-size=33554432"
    "memorysetup-profiler-bucket-allocator-block-count=8"
    "memorysetup-profiler-allocator-block-size=16777216"
    "memorysetup-profiler-editor-allocator-block-size=1048576"
    "memorysetup-temp-allocator-size-main=16777216"
    "memorysetup-job-temp-allocator-block-size=2097152"
    "memorysetup-job-temp-allocator-block-size-background=1048576"
    "memorysetup-job-temp-allocator-reduction-small-platforms=262144"
    "memorysetup-temp-allocator-size-background-worker=32768"
    "memorysetup-temp-allocator-size-job-worker=262144"
    "memorysetup-temp-allocator-size-preload-manager=33554432"
    "memorysetup-temp-allocator-size-nav-mesh-worker=65536"
    "memorysetup-temp-allocator-size-audio-worker=65536"
    "memorysetup-temp-allocator-size-cloud-worker=32768"
    "memorysetup-temp-allocator-size-gi-baking-worker=262144"
    "memorysetup-temp-allocator-size-gfx=262144"
Refreshing native plugins compatible for Editor in 103.08 ms, found 3 plugins.
Preloading 0 native plugins for Editor in 0.00 ms.
Initialize engine version: 2021.3.6f1 (7da38d85baf6)
[Subsystems] Discovering subsystems at path C:/Program Files/Unity/Hub/Editor/2021.3.6f1/Editor/Data/Resources/UnitySubsystems
[Subsystems] Discovering subsystems at path C:/Users/Ebony Bloodmoon/OneDrive/Documents/Lydia's short adventure/Assets
GfxDevice: creating device client; threaded=0; jobified=0
Direct3D:
    Version:  Direct3D 11.0 [level 11.1]
    Renderer: AMD Radeon RX 6600 XT (ID=0x73ff)
    Vendor:   ATI
    VRAM:     8147 MB
    Driver:   27.20.22016.2
Initialize mono
Mono path[0] = 'C:/Program Files/Unity/Hub/Editor/2021.3.6f1/Editor/Data/Managed'
Mono path[1] = 'C:/Program Files/Unity/Hub/Editor/2021.3.6f1/Editor/Data/MonoBleedingEdge/lib/mono/unityjit-win32'
Mono config path = 'C:/Program Files/Unity/Hub/Editor/2021.3.6f1/Editor/Data/MonoBleedingEdge/etc'
Using monoOptions --debugger-agent=transport=dt_socket,embedding=1,server=y,suspend=n,address=127.0.0.1:56596
Begin MonoManager ReloadAssembly
Registering precompiled unity dll's ...
Register platform support module: C:/Program Files/Unity/Hub/Editor/2021.3.6f1/Editor/Data/PlaybackEngines/AndroidPlayer/UnityEditor.Android.Extensions.dll
Register platform support module: C:/Program Files/Unity/Hub/Editor/2021.3.6f1/Editor/Data/PlaybackEngines/iOSSupport/UnityEditor.iOS.Extensions.dll
Register platform support module: C:/Program Files/Unity/Hub/Editor/2021.3.6f1/Editor/Data/PlaybackEngines/AppleTVSupport/UnityEditor.AppleTV.Extensions.dll
Register platform support module: C:/Program Files/Unity/Hub/Editor/2021.3.6f1/Editor/Data/PlaybackEngines/WindowsStandaloneSupport/UnityEditor.WindowsStandalone.Extensions.dll
Registered in 0.010056 seconds.
Native extension for WindowsStandalone target not found
[usbmuxd] Start listen thread
[usbmuxd] Listen thread started
Native extension for AppleTV target not found
[usbmuxd] Start listen thread
[usbmuxd] Listen thread started
Native extension for iOS target not found
Native extension for Android target not found
Refreshing native plugins compatible for Editor in 85.06 ms, found 3 plugins.
Preloading 0 native plugins for Editor in 0.00 ms.
Mono: successfully reloaded assembly
- Completed reload, in  0.697 seconds
Domain Reload Profiling:
	ReloadAssembly (697ms)
		BeginReloadAssembly (94ms)
			ExecutionOrderSort (0ms)
			DisableScriptedObjects (0ms)
			BackupInstance (0ms)
			ReleaseScriptingObjects (0ms)
			CreateAndSetChildDomain (1ms)
		EndReloadAssembly (480ms)
			LoadAssemblies (91ms)
			RebuildTransferFunctionScriptingTraits (0ms)
			SetupTypeCache (118ms)
			ReleaseScriptCaches (0ms)
			RebuildScriptCaches (25ms)
			SetupLoadedEditorAssemblies (288ms)
				LogAssemblyErrors (0ms)
				InitializePlatformSupportModulesInManaged (68ms)
				SetLoadedEditorAssemblies (2ms)
				RefreshPlugins (85ms)
				BeforeProcessingInitializeOnLoad (1ms)
				ProcessInitializeOnLoadAttributes (92ms)
				ProcessInitializeOnLoadMethodAttributes (40ms)
				AfterProcessingInitializeOnLoad (0ms)
				EditorAssembliesLoaded (0ms)
			ExecutionOrderSort2 (0ms)
			AwakeInstancesAfterBackupRestoration (0ms)
Platform modules already initialized, skipping
Registering precompiled user dll's ...
Registered in 0.010609 seconds.
Begin MonoManager ReloadAssembly
Symbol file LoadedFromMemory doesn't match image C:\Users\Ebony Bloodmoon\OneDrive\Documents\Lydia's short adventure\Library\PackageCache\com.unity.visualscripting@1.7.8\Editor\VisualScripting.Core\Dependencies\YamlDotNet\Unity.VisualScripting.YamlDotNet.dll
Symbol file LoadedFromMemory doesn't match image C:\Users\Ebony Bloodmoon\OneDrive\Documents\Lydia's short adventure\Library\PackageCache\com.unity.visualscripting@1.7.8\Editor\VisualScripting.Core\Dependencies\DotNetZip\Unity.VisualScripting.IonicZip.dll
Native extension for WindowsStandalone target not found
Native extension for AppleTV target not found
Native extension for iOS target not found
Native extension for Android target not found
Refreshing native plugins compatible for Editor in 1.16 ms, found 3 plugins.
Preloading 0 native plugins for Editor in 0.00 ms.
Mono: successfully reloaded assembly
- Completed reload, in  1.164 seconds
Domain Reload Profiling:
	ReloadAssembly (1165ms)
		BeginReloadAssembly (225ms)
			ExecutionOrderSort (0ms)
			DisableScriptedObjects (5ms)
			BackupInstance (0ms)
			ReleaseScriptingObjects (0ms)
			CreateAndSetChildDomain (137ms)
		EndReloadAssembly (824ms)
			LoadAssemblies (93ms)
			RebuildTransferFunctionScriptingTraits (0ms)
			SetupTypeCache (259ms)
			ReleaseScriptCaches (1ms)
			RebuildScriptCaches (53ms)
			SetupLoadedEditorAssemblies (382ms)
				LogAssemblyErrors (0ms)
				InitializePlatformSupportModulesInManaged (30ms)
				SetLoadedEditorAssemblies (1ms)
				RefreshPlugins (1ms)
				BeforeProcessingInitializeOnLoad (101ms)
				ProcessInitializeOnLoadAttributes (216ms)
				ProcessInitializeOnLoadMethodAttributes (24ms)
				AfterProcessingInitializeOnLoad (9ms)
				EditorAssembliesLoaded (0ms)
			ExecutionOrderSort2 (0ms)
			AwakeInstancesAfterBackupRestoration (5ms)
Platform modules already initialized, skipping
========================================================================
Worker process is ready to serve import requests
Launched and connected shader compiler UnityShaderCompiler.exe after 0.04 seconds
Refreshing native plugins compatible for Editor in 0.84 ms, found 3 plugins.
Preloading 0 native plugins for Editor in 0.00 ms.
Unloading 3508 Unused Serialized files (Serialized files now loaded: 0)
Unloading 39 unused Assets / (1.3 MB). Loaded Objects now: 3963.
Memory consumption went from 131.8 MB to 130.5 MB.
Total: 3.437700 ms (FindLiveObjects: 0.353400 ms CreateObjectMapping: 0.093800 ms MarkObjects: 2.573800 ms  DeleteObjects: 0.415400 ms)

AssetImportParameters requested are different than current active one (requested -> active):
  custom:video-decoder-ogg-theora: a1e56fd34408186e4bbccfd4996cb3dc -> 
  custom:container-muxer-webm: aa71ff27fc2769a1b78a27578f13a17b -> 
  custom:container-demuxer-webm: 4f35f7cbe854078d1ac9338744f61a02 -> 
  custom:video-encoder-webm-vp8: eb34c28f22e8b96e1ab97ce403110664 -> 
  custom:audio-encoder-webm-vorbis: bf7c407c2cedff20999df2af8eb42d56 -> 
  custom:framework-win-MediaFoundation: 216162199b28c13a410421893ffa2e32 -> 
  custom:container-demuxer-ogg: 62fdf1f143b41e24485cea50d1cbac27 -> 
  custom:video-decoder-webm-vp8: 9c59270c3fd7afecdb556c50c9e8de78 -> 
  custom:audio-decoder-ogg-vorbis: bf7c407c2cedff20999df2af8eb42d56 -> 
========================================================================
Received Import Request.
  Time since last request: 321125.460494 seconds.
  path: Assets/Textures/FX_Kandol_Pack/FX_effect_sprite_image01_02/FX_magic circle_effects_free/Prefabs/fx_Magiccircle_b.prefab
  artifactKey: Guid(e1c05106deb724f49b2f8be41ec91fba) Importer(815301076,1909f56bfc062723c751e8b465ee728b)
Start importing Assets/Textures/FX_Kandol_Pack/FX_effect_sprite_image01_02/FX_magic circle_effects_free/Prefabs/fx_Magiccircle_b.prefab using Guid(e1c05106deb724f49b2f8be41ec91fba) Importer(815301076,1909f56bfc062723c751e8b465ee728b)  -> (artifact id: '77866c374b4129dc6da4e8af0b6464d7') in 0.139442 seconds 
========================================================================
Received Import Request.
  Time since last request: 0.000038 seconds.
  path: Assets/Textures/FX_Kandol_Pack/FX_effect_sprite_image01_02/FX_magic circle_effects_free/Prefabs/fx_Magiccircle_i.prefab
  artifactKey: Guid(47a2489582e01814aa4543d0bfe182ea) Importer(815301076,1909f56bfc062723c751e8b465ee728b)
Start importing Assets/Textures/FX_Kandol_Pack/FX_effect_sprite_image01_02/FX_magic circle_effects_free/Prefabs/fx_Magiccircle_i.prefab using Guid(47a2489582e01814aa4543d0bfe182ea) Importer(815301076,1909f56bfc062723c751e8b465ee728b)  -> (artifact id: '89c6fb2e4bbaba112db5033c86855d76') in 0.017115 seconds 
========================================================================
Received Import Request.
  Time since last request: 0.000038 seconds.
  path: Assets/Textures/FX_Kandol_Pack/FX_effect_sprite_image01_02/FX_magic circle_effects_free/Prefabs/fx_Magiccircle_c.prefab
  artifactKey: Guid(b4291c9e422eb5540a956fbe7c339a64) Importer(815301076,1909f56bfc062723c751e8b465ee728b)
Start importing Assets/Textures/FX_Kandol_Pack/FX_effect_sprite_image01_02/FX_magic circle_effects_free/Prefabs/fx_Magiccircle_c.prefab using Guid(b4291c9e422eb5540a956fbe7c339a64) Importer(815301076,1909f56bfc062723c751e8b465ee728b)  -> (artifact id: '516fce9a7c0372e0acffac8bbceed89d') in 0.015475 seconds 
========================================================================
Received Import Request.
  Time since last request: 0.000020 seconds.
  path: Assets/Textures/FX_Kandol_Pack/FX_effect_sprite_image01_02/FX_magic circle_effects_free/Prefabs/fx_Magiccircle_d.prefab
  artifactKey: Guid(944e386f97994f74990dc2e5beab8b33) Importer(815301076,1909f56bfc062723c751e8b465ee728b)
Start importing Assets/Textures/FX_Kandol_Pack/FX_effect_sprite_image01_02/FX_magic circle_effects_free/Prefabs/fx_Magiccircle_d.prefab using Guid(944e386f97994f74990dc2e5beab8b33) Importer(815301076,1909f56bfc062723c751e8b465ee728b)  -> (artifact id: '93b2576f66a3bd77236fe90d02251c10') in 0.015420 seconds 
========================================================================
Received Import Request.
  Time since last request: 0.000026 seconds.
  path: Assets/Textures/FX_Kandol_Pack/FX_effect_sprite_image01_02/FX_magic circle_effects_free/Prefabs/fx_Magiccircle_g.prefab
  artifactKey: Guid(3acf05b7ae6e94344b7ae2589ce0cd3f) Importer(815301076,1909f56bfc062723c751e8b465ee728b)
Start importing Assets/Textures/FX_Kandol_Pack/FX_effect_sprite_image01_02/FX_magic circle_effects_free/Prefabs/fx_Magiccircle_g.prefab using Guid(3acf05b7ae6e94344b7ae2589ce0cd3f) Importer(815301076,1909f56bfc062723c751e8b465ee728b)  -> (artifact id: '3a6dd99f2cc10c288b22ce6e0b66198b') in 0.013750 seconds 
========================================================================
Received Import Request.
  Time since last request: 0.000029 seconds.
  path: Assets/Textures/FX_Kandol_Pack/FX_effect_sprite_image01_02/FX_magic circle_effects_free/Prefabs/fx_Magiccircle_h.prefab
  artifactKey: Guid(c71a49439de3f8449a2e573e8706be4a) Importer(815301076,1909f56bfc062723c751e8b465ee728b)
Start importing Assets/Textures/FX_Kandol_Pack/FX_effect_sprite_image01_02/FX_magic circle_effects_free/Prefabs/fx_Magiccircle_h.prefab using Guid(c71a49439de3f8449a2e573e8706be4a) Importer(815301076,1909f56bfc062723c751e8b465ee728b)  -> (artifact id: 'e85e1252a9543782f758b8dee348ea6e') in 0.013320 seconds 
========================================================================
Received Import Request.
  Time since last request: 0.000026 seconds.
  path: Assets/Textures/FX_Kandol_Pack/FX_effect_sprite_image01_02/FX_magic circle_effects_free/Prefabs/fx_Magiccircle_j.prefab
  artifactKey: Guid(6de66d26c25221b43b09d8881f960faf) Importer(815301076,1909f56bfc062723c751e8b465ee728b)
Start importing Assets/Textures/FX_Kandol_Pack/FX_effect_sprite_image01_02/FX_magic circle_effects_free/Prefabs/fx_Magiccircle_j.prefab using Guid(6de66d26c25221b43b09d8881f960faf) Importer(815301076,1909f56bfc062723c751e8b465ee728b)  -> (artifact id: '981f81305e48afc6ca91d3de859996f1') in 0.015111 seconds 
========================================================================
Received Import Request.
  Time since last request: 0.000023 seconds.
  path: Assets/Textures/FX_Kandol_Pack/FX_effect_sprite_image01_02/FX_magic circle_effects_free/Prefabs/fx_Magiccircle_k.prefab
  artifactKey: Guid(0b4a808612aeef443978d1dbfb837dff) Importer(815301076,1909f56bfc062723c751e8b465ee728b)
Start importing Assets/Textures/FX_Kandol_Pack/FX_effect_sprite_image01_02/FX_magic circle_effects_free/Prefabs/fx_Magiccircle_k.prefab using Guid(0b4a808612aeef443978d1dbfb837dff) Importer(815301076,1909f56bfc062723c751e8b465ee728b)  -> (artifact id: '80230eb3ab20fc8c344bdc37d6523dd1') in 0.012754 seconds 
Editor requested this worker to shutdown with reason: Scaling down because of idle timeout
AssetImportWorker is now disconnected from the server
Process exiting
Exiting without the bug reporter. Application will terminate with return code 0