Using pre-set license
Built from '2021.3/staging' branch; Version is '2021.3.6f1 (7da38d85baf6) revision 8233869'; Using compiler version '192829333'; Build Type 'Release'
OS: 'Windows 11  (10.0.22621) 64bit Core' Language: 'en' Physical Memory: 16331 MB
BatchMode: 1, IsHumanControllingUs: 0, StartBugReporterOnCrash: 0, Is64bit: 1, IsPro: 1

COMMAND LINE ARGUMENTS:
C:\Program Files\Unity\Hub\Editor\2021.3.6f1\Editor\Unity.exe
-adb2
-batchMode
-noUpm
-name
AssetImportWorker11
-projectPath
C:/Users/Ebony Bloodmoon/OneDrive/Documents/Lydia's short adventure
-logFile
Logs/AssetImportWorker11.log
-srvPort
63604
Successfully changed project path to: C:/Users/Ebony Bloodmoon/OneDrive/Documents/Lydia's short adventure
C:/Users/Ebony Bloodmoon/OneDrive/Documents/Lydia's short adventure
[UnityMemory] Configuration Parameters - Can be set up in boot.config
    "memorysetup-bucket-allocator-granularity=16"
    "memorysetup-bucket-allocator-bucket-count=8"
    "memorysetup-bucket-allocator-block-size=33554432"
    "memorysetup-bucket-allocator-block-count=8"
    "memorysetup-main-allocator-block-size=16777216"
    "memorysetup-thread-allocator-block-size=16777216"
    "memorysetup-gfx-main-allocator-block-size=16777216"
    "memorysetup-gfx-thread-allocator-block-size=16777216"
    "memorysetup-cache-allocator-block-size=4194304"
    "memorysetup-typetree-allocator-block-size=2097152"
    "memorysetup-profiler-bucket-allocator-granularity=16"
    "memorysetup-profiler-bucket-allocator-bucket-count=8"
    "memorysetup-profiler-bucket-allocator-block-size=33554432"
    "memorysetup-profiler-bucket-allocator-block-count=8"
    "memorysetup-profiler-allocator-block-size=16777216"
    "memorysetup-profiler-editor-allocator-block-size=1048576"
    "memorysetup-temp-allocator-size-main=16777216"
    "memorysetup-job-temp-allocator-block-size=2097152"
    "memorysetup-job-temp-allocator-block-size-background=1048576"
    "memorysetup-job-temp-allocator-reduction-small-platforms=262144"
    "memorysetup-temp-allocator-size-background-worker=32768"
    "memorysetup-temp-allocator-size-job-worker=262144"
    "memorysetup-temp-allocator-size-preload-manager=33554432"
    "memorysetup-temp-allocator-size-nav-mesh-worker=65536"
    "memorysetup-temp-allocator-size-audio-worker=65536"
    "memorysetup-temp-allocator-size-cloud-worker=32768"
    "memorysetup-temp-allocator-size-gi-baking-worker=262144"
    "memorysetup-temp-allocator-size-gfx=262144"
Refreshing native plugins compatible for Editor in 99.26 ms, found 3 plugins.
Preloading 0 native plugins for Editor in 0.00 ms.
Initialize engine version: 2021.3.6f1 (7da38d85baf6)
[Subsystems] Discovering subsystems at path C:/Program Files/Unity/Hub/Editor/2021.3.6f1/Editor/Data/Resources/UnitySubsystems
[Subsystems] Discovering subsystems at path C:/Users/Ebony Bloodmoon/OneDrive/Documents/Lydia's short adventure/Assets
GfxDevice: creating device client; threaded=0; jobified=0
Direct3D:
    Version:  Direct3D 11.0 [level 11.1]
    Renderer: AMD Radeon RX 6600 XT (ID=0x73ff)
    Vendor:   ATI
    VRAM:     8147 MB
    Driver:   27.20.22016.2
Initialize mono
Mono path[0] = 'C:/Program Files/Unity/Hub/Editor/2021.3.6f1/Editor/Data/Managed'
Mono path[1] = 'C:/Program Files/Unity/Hub/Editor/2021.3.6f1/Editor/Data/MonoBleedingEdge/lib/mono/unityjit-win32'
Mono config path = 'C:/Program Files/Unity/Hub/Editor/2021.3.6f1/Editor/Data/MonoBleedingEdge/etc'
Using monoOptions --debugger-agent=transport=dt_socket,embedding=1,server=y,suspend=n,address=127.0.0.1:56880
Begin MonoManager ReloadAssembly
Registering precompiled unity dll's ...
Register platform support module: C:/Program Files/Unity/Hub/Editor/2021.3.6f1/Editor/Data/PlaybackEngines/AndroidPlayer/UnityEditor.Android.Extensions.dll
Register platform support module: C:/Program Files/Unity/Hub/Editor/2021.3.6f1/Editor/Data/PlaybackEngines/iOSSupport/UnityEditor.iOS.Extensions.dll
Register platform support module: C:/Program Files/Unity/Hub/Editor/2021.3.6f1/Editor/Data/PlaybackEngines/AppleTVSupport/UnityEditor.AppleTV.Extensions.dll
Register platform support module: C:/Program Files/Unity/Hub/Editor/2021.3.6f1/Editor/Data/PlaybackEngines/WindowsStandaloneSupport/UnityEditor.WindowsStandalone.Extensions.dll
Registered in 0.012459 seconds.
Native extension for WindowsStandalone target not found
[usbmuxd] Start listen thread
[usbmuxd] Listen thread started
Native extension for AppleTV target not found
[usbmuxd] Start listen thread
[usbmuxd] Listen thread started
Native extension for iOS target not found
Native extension for Android target not found
Refreshing native plugins compatible for Editor in 86.89 ms, found 3 plugins.
Preloading 0 native plugins for Editor in 0.00 ms.
Mono: successfully reloaded assembly
- Completed reload, in  0.692 seconds
Domain Reload Profiling:
	ReloadAssembly (692ms)
		BeginReloadAssembly (77ms)
			ExecutionOrderSort (0ms)
			DisableScriptedObjects (0ms)
			BackupInstance (0ms)
			ReleaseScriptingObjects (0ms)
			CreateAndSetChildDomain (1ms)
		EndReloadAssembly (487ms)
			LoadAssemblies (75ms)
			RebuildTransferFunctionScriptingTraits (0ms)
			SetupTypeCache (116ms)
			ReleaseScriptCaches (0ms)
			RebuildScriptCaches (27ms)
			SetupLoadedEditorAssemblies (293ms)
				LogAssemblyErrors (0ms)
				InitializePlatformSupportModulesInManaged (72ms)
				SetLoadedEditorAssemblies (0ms)
				RefreshPlugins (87ms)
				BeforeProcessingInitializeOnLoad (1ms)
				ProcessInitializeOnLoadAttributes (86ms)
				ProcessInitializeOnLoadMethodAttributes (45ms)
				AfterProcessingInitializeOnLoad (0ms)
				EditorAssembliesLoaded (0ms)
			ExecutionOrderSort2 (0ms)
			AwakeInstancesAfterBackupRestoration (0ms)
Platform modules already initialized, skipping
Registering precompiled user dll's ...
Registered in 0.011680 seconds.
Begin MonoManager ReloadAssembly
Symbol file LoadedFromMemory doesn't match image C:\Users\Ebony Bloodmoon\OneDrive\Documents\Lydia's short adventure\Library\PackageCache\com.unity.visualscripting@1.7.8\Editor\VisualScripting.Core\Dependencies\YamlDotNet\Unity.VisualScripting.YamlDotNet.dll
Symbol file LoadedFromMemory doesn't match image C:\Users\Ebony Bloodmoon\OneDrive\Documents\Lydia's short adventure\Library\PackageCache\com.unity.visualscripting@1.7.8\Editor\VisualScripting.Core\Dependencies\DotNetZip\Unity.VisualScripting.IonicZip.dll
Native extension for WindowsStandalone target not found
Native extension for AppleTV target not found
Native extension for iOS target not found
Native extension for Android target not found
Refreshing native plugins compatible for Editor in 0.76 ms, found 3 plugins.
Preloading 0 native plugins for Editor in 0.00 ms.
Mono: successfully reloaded assembly
- Completed reload, in  1.203 seconds
Domain Reload Profiling:
	ReloadAssembly (1203ms)
		BeginReloadAssembly (222ms)
			ExecutionOrderSort (0ms)
			DisableScriptedObjects (5ms)
			BackupInstance (0ms)
			ReleaseScriptingObjects (0ms)
			CreateAndSetChildDomain (128ms)
		EndReloadAssembly (858ms)
			LoadAssemblies (102ms)
			RebuildTransferFunctionScriptingTraits (0ms)
			SetupTypeCache (270ms)
			ReleaseScriptCaches (1ms)
			RebuildScriptCaches (62ms)
			SetupLoadedEditorAssemblies (378ms)
				LogAssemblyErrors (0ms)
				InitializePlatformSupportModulesInManaged (26ms)
				SetLoadedEditorAssemblies (0ms)
				RefreshPlugins (1ms)
				BeforeProcessingInitializeOnLoad (91ms)
				ProcessInitializeOnLoadAttributes (227ms)
				ProcessInitializeOnLoadMethodAttributes (24ms)
				AfterProcessingInitializeOnLoad (9ms)
				EditorAssembliesLoaded (0ms)
			ExecutionOrderSort2 (0ms)
			AwakeInstancesAfterBackupRestoration (6ms)
Platform modules already initialized, skipping
========================================================================
Worker process is ready to serve import requests
Shader 'SimpleURPToonLitExample(With Outline)': fallback shader 'Hidden/Universal Render Pipeline/FallbackError' not found
Shader 'SimpleURPToonLitExample(With Outline)': fallback shader 'Hidden/Universal Render Pipeline/FallbackError' not found
Launched and connected shader compiler UnityShaderCompiler.exe after 0.05 seconds
Refreshing native plugins compatible for Editor in 0.79 ms, found 3 plugins.
Preloading 0 native plugins for Editor in 0.00 ms.
Unloading 3563 Unused Serialized files (Serialized files now loaded: 0)
Unloading 40 unused Assets / (1.4 MB). Loaded Objects now: 4019.
Memory consumption went from 136.2 MB to 134.8 MB.
Total: 3.354400 ms (FindLiveObjects: 0.401400 ms CreateObjectMapping: 0.100500 ms MarkObjects: 2.465900 ms  DeleteObjects: 0.385500 ms)

AssetImportParameters requested are different than current active one (requested -> active):
  custom:video-decoder-ogg-theora: a1e56fd34408186e4bbccfd4996cb3dc -> 
  custom:container-muxer-webm: aa71ff27fc2769a1b78a27578f13a17b -> 
  custom:container-demuxer-webm: 4f35f7cbe854078d1ac9338744f61a02 -> 
  custom:video-encoder-webm-vp8: eb34c28f22e8b96e1ab97ce403110664 -> 
  custom:audio-encoder-webm-vorbis: bf7c407c2cedff20999df2af8eb42d56 -> 
  custom:framework-win-MediaFoundation: 216162199b28c13a410421893ffa2e32 -> 
  custom:container-demuxer-ogg: 62fdf1f143b41e24485cea50d1cbac27 -> 
  custom:video-decoder-webm-vp8: 9c59270c3fd7afecdb556c50c9e8de78 -> 
  custom:audio-decoder-ogg-vorbis: bf7c407c2cedff20999df2af8eb42d56 -> 
========================================================================
Received Import Request.
  Time since last request: 323684.044151 seconds.
  path: Assets/c_xiao_huo_long1/c_xiao_huo_long/SJ001.FBX
  artifactKey: Guid(a3c7e290bf30c9a43b63dc738a03a60a) Importer(815301076,1909f56bfc062723c751e8b465ee728b)
Start importing Assets/c_xiao_huo_long1/c_xiao_huo_long/SJ001.FBX using Guid(a3c7e290bf30c9a43b63dc738a03a60a) Importer(815301076,1909f56bfc062723c751e8b465ee728b)  -> (artifact id: 'edfb953020efa4206cd46bdc0f431ea6') in 0.213306 seconds 
========================================================================
Received Import Request.
  Time since last request: 21.877846 seconds.
  path: Assets/Kawaii Slimes/Scene Nav/NavMesh.asset
  artifactKey: Guid(29f8dd02c61f063428527e656b4737cb) Importer(815301076,1909f56bfc062723c751e8b465ee728b)
Start importing Assets/Kawaii Slimes/Scene Nav/NavMesh.asset using Guid(29f8dd02c61f063428527e656b4737cb) Importer(815301076,1909f56bfc062723c751e8b465ee728b)  -> (artifact id: 'c9fbc7fd3e74024467758063373ef5ac') in 0.008898 seconds 
========================================================================
Received Import Request.
  Time since last request: 10.986301 seconds.
  path: Assets/Kawaii Slimes/Textures/Grid.psd
  artifactKey: Guid(776bf7426e2d0c74ab7cca7070641577) Importer(815301076,1909f56bfc062723c751e8b465ee728b)
Start importing Assets/Kawaii Slimes/Textures/Grid.psd using Guid(776bf7426e2d0c74ab7cca7070641577) Importer(815301076,1909f56bfc062723c751e8b465ee728b)  -> (artifact id: '1a6783a55a86b657a8225931486925cc') in 0.051488 seconds 
========================================================================
Received Import Request.
  Time since last request: 21.039786 seconds.
  path: Assets/Kawaii Slimes/Textures/Face/Face_00.psd
  artifactKey: Guid(2e0e5994249a31640bf4045362e1333e) Importer(815301076,1909f56bfc062723c751e8b465ee728b)
Start importing Assets/Kawaii Slimes/Textures/Face/Face_00.psd using Guid(2e0e5994249a31640bf4045362e1333e) Importer(815301076,1909f56bfc062723c751e8b465ee728b)  -> (artifact id: '28e03768c2a24df1243173a92d3a0c2f') in 0.011880 seconds 
========================================================================
Received Import Request.
  Time since last request: 28.535595 seconds.
  path: Assets/Kawaii Slimes/Models
  artifactKey: Guid(ec3cdd6ee2379f34280992d5c7aeacb6) Importer(815301076,1909f56bfc062723c751e8b465ee728b)
Start importing Assets/Kawaii Slimes/Models using Guid(ec3cdd6ee2379f34280992d5c7aeacb6) Importer(815301076,1909f56bfc062723c751e8b465ee728b)  -> (artifact id: 'a08974b67cda3b6df4e65551b36177af') in 0.003333 seconds 
========================================================================
Received Import Request.
  Time since last request: 0.973544 seconds.
  path: Assets/Kawaii Slimes/Models/Slimes
  artifactKey: Guid(15fdce0a1565f4542acb4ea90066fdbb) Importer(815301076,1909f56bfc062723c751e8b465ee728b)
Start importing Assets/Kawaii Slimes/Models/Slimes using Guid(15fdce0a1565f4542acb4ea90066fdbb) Importer(815301076,1909f56bfc062723c751e8b465ee728b)  -> (artifact id: '63e9ae4f3d9e1dbbca8b50ff9b6567f7') in 0.002690 seconds 
========================================================================
Received Import Request.
  Time since last request: 10.669657 seconds.
  path: Assets/Kawaii Slimes/Textures
  artifactKey: Guid(2a9f25c058706d948a23d231250e52b0) Importer(815301076,1909f56bfc062723c751e8b465ee728b)
Start importing Assets/Kawaii Slimes/Textures using Guid(2a9f25c058706d948a23d231250e52b0) Importer(815301076,1909f56bfc062723c751e8b465ee728b)  -> (artifact id: '2089666e176e9241a088aae92a566fea') in 0.002174 seconds 
========================================================================
Received Import Request.
  Time since last request: 3.515563 seconds.
  path: Assets/Kawaii Slimes/Shader
  artifactKey: Guid(060a71af8b3c4e94e910a4bf2d24e3d1) Importer(815301076,1909f56bfc062723c751e8b465ee728b)
Start importing Assets/Kawaii Slimes/Shader using Guid(060a71af8b3c4e94e910a4bf2d24e3d1) Importer(815301076,1909f56bfc062723c751e8b465ee728b)  -> (artifact id: '0a41c72adb5cf16cbb4f9fdc8d4c4498') in 0.003553 seconds 
========================================================================
Received Import Request.
  Time since last request: 1.323239 seconds.
  path: Assets/Kawaii Slimes/Shader/Unity-chan Shader Ver 1.2.1
  artifactKey: Guid(04c49eeb37760e447adcf8c3368f9905) Importer(815301076,1909f56bfc062723c751e8b465ee728b)
Start importing Assets/Kawaii Slimes/Shader/Unity-chan Shader Ver 1.2.1 using Guid(04c49eeb37760e447adcf8c3368f9905) Importer(815301076,1909f56bfc062723c751e8b465ee728b)  -> (artifact id: 'e06dd301a23b4465bd2ad2585dd843f5') in 0.002621 seconds 
========================================================================
Received Import Request.
  Time since last request: 0.065237 seconds.
  path: Assets/Kawaii Slimes/Shader/Unity-chan Shader Ver 1.2.1/CharaMain.cg
  artifactKey: Guid(c3d0f1648f39e1a408ca5a56b25e96bf) Importer(815301076,1909f56bfc062723c751e8b465ee728b)
Start importing Assets/Kawaii Slimes/Shader/Unity-chan Shader Ver 1.2.1/CharaMain.cg using Guid(c3d0f1648f39e1a408ca5a56b25e96bf) Importer(815301076,1909f56bfc062723c751e8b465ee728b)  -> (artifact id: 'c3bc41f0d67618cfebca0de02d9e57f4') in 0.005327 seconds 
========================================================================
Received Import Request.
  Time since last request: 14.996448 seconds.
  path: Assets/Kawaii Slimes/Shader/UnityURPToonLitShader
  artifactKey: Guid(14c6f4c6dc069a8468236bf78b0e6ea6) Importer(815301076,1909f56bfc062723c751e8b465ee728b)
Start importing Assets/Kawaii Slimes/Shader/UnityURPToonLitShader using Guid(14c6f4c6dc069a8468236bf78b0e6ea6) Importer(815301076,1909f56bfc062723c751e8b465ee728b)  -> (artifact id: 'da40326529fbb6c6497d05e8df89c06f') in 0.002554 seconds 
========================================================================
Received Import Request.
  Time since last request: 0.046046 seconds.
  path: Assets/Kawaii Slimes/Shader/UnityURPToonLitShader/NiloInvLerpRemap.hlsl
  artifactKey: Guid(cb776590f1db4a24eb2efa1541364684) Importer(815301076,1909f56bfc062723c751e8b465ee728b)
Start importing Assets/Kawaii Slimes/Shader/UnityURPToonLitShader/NiloInvLerpRemap.hlsl using Guid(cb776590f1db4a24eb2efa1541364684) Importer(815301076,1909f56bfc062723c751e8b465ee728b)  -> (artifact id: 'e17d7ec0bf8ceb7ca2075ea49792c231') in 0.012572 seconds 
Editor requested this worker to shutdown with reason: Scaling down because of idle timeout
AssetImportWorker is now disconnected from the server
Process exiting
Exiting without the bug reporter. Application will terminate with return code 0