Using pre-set license
Built from '2021.3/staging' branch; Version is '2021.3.6f1 (7da38d85baf6) revision 8233869'; Using compiler version '192829333'; Build Type 'Release'
OS: 'Windows 11  (10.0.22621) 64bit Core' Language: 'en' Physical Memory: 16331 MB
BatchMode: 1, IsHumanControllingUs: 0, StartBugReporterOnCrash: 0, Is64bit: 1, IsPro: 1

COMMAND LINE ARGUMENTS:
C:\Program Files\Unity\Hub\Editor\2021.3.6f1\Editor\Unity.exe
-adb2
-batchMode
-noUpm
-name
AssetImportWorker5
-projectPath
E:/GAD170/Brief 3 - Witchies Little adventure/Lydia's short adventure
-logFile
Logs/AssetImportWorker5.log
-srvPort
51946
Successfully changed project path to: E:/GAD170/Brief 3 - Witchies Little adventure/Lydia's short adventure
E:/GAD170/Brief 3 - Witchies Little adventure/Lydia's short adventure
[UnityMemory] Configuration Parameters - Can be set up in boot.config
    "memorysetup-bucket-allocator-granularity=16"
    "memorysetup-bucket-allocator-bucket-count=8"
    "memorysetup-bucket-allocator-block-size=33554432"
    "memorysetup-bucket-allocator-block-count=8"
    "memorysetup-main-allocator-block-size=16777216"
    "memorysetup-thread-allocator-block-size=16777216"
    "memorysetup-gfx-main-allocator-block-size=16777216"
    "memorysetup-gfx-thread-allocator-block-size=16777216"
    "memorysetup-cache-allocator-block-size=4194304"
    "memorysetup-typetree-allocator-block-size=2097152"
    "memorysetup-profiler-bucket-allocator-granularity=16"
    "memorysetup-profiler-bucket-allocator-bucket-count=8"
    "memorysetup-profiler-bucket-allocator-block-size=33554432"
    "memorysetup-profiler-bucket-allocator-block-count=8"
    "memorysetup-profiler-allocator-block-size=16777216"
    "memorysetup-profiler-editor-allocator-block-size=1048576"
    "memorysetup-temp-allocator-size-main=16777216"
    "memorysetup-job-temp-allocator-block-size=2097152"
    "memorysetup-job-temp-allocator-block-size-background=1048576"
    "memorysetup-job-temp-allocator-reduction-small-platforms=262144"
    "memorysetup-temp-allocator-size-background-worker=32768"
    "memorysetup-temp-allocator-size-job-worker=262144"
    "memorysetup-temp-allocator-size-preload-manager=33554432"
    "memorysetup-temp-allocator-size-nav-mesh-worker=65536"
    "memorysetup-temp-allocator-size-audio-worker=65536"
    "memorysetup-temp-allocator-size-cloud-worker=32768"
    "memorysetup-temp-allocator-size-gi-baking-worker=262144"
    "memorysetup-temp-allocator-size-gfx=262144"
Refreshing native plugins compatible for Editor in 93.21 ms, found 3 plugins.
Preloading 0 native plugins for Editor in 0.00 ms.
Initialize engine version: 2021.3.6f1 (7da38d85baf6)
[Subsystems] Discovering subsystems at path C:/Program Files/Unity/Hub/Editor/2021.3.6f1/Editor/Data/Resources/UnitySubsystems
[Subsystems] Discovering subsystems at path E:/GAD170/Brief 3 - Witchies Little adventure/Lydia's short adventure/Assets
GfxDevice: creating device client; threaded=0; jobified=0
Direct3D:
    Version:  Direct3D 11.0 [level 11.1]
    Renderer: AMD Radeon RX 6600 XT (ID=0x73ff)
    Vendor:   ATI
    VRAM:     8147 MB
    Driver:   27.20.22016.2
Initialize mono
Mono path[0] = 'C:/Program Files/Unity/Hub/Editor/2021.3.6f1/Editor/Data/Managed'
Mono path[1] = 'C:/Program Files/Unity/Hub/Editor/2021.3.6f1/Editor/Data/MonoBleedingEdge/lib/mono/unityjit-win32'
Mono config path = 'C:/Program Files/Unity/Hub/Editor/2021.3.6f1/Editor/Data/MonoBleedingEdge/etc'
Using monoOptions --debugger-agent=transport=dt_socket,embedding=1,server=y,suspend=n,address=127.0.0.1:56916
Begin MonoManager ReloadAssembly
Registering precompiled unity dll's ...
Register platform support module: C:/Program Files/Unity/Hub/Editor/2021.3.6f1/Editor/Data/PlaybackEngines/AndroidPlayer/UnityEditor.Android.Extensions.dll
Register platform support module: C:/Program Files/Unity/Hub/Editor/2021.3.6f1/Editor/Data/PlaybackEngines/iOSSupport/UnityEditor.iOS.Extensions.dll
Register platform support module: C:/Program Files/Unity/Hub/Editor/2021.3.6f1/Editor/Data/PlaybackEngines/AppleTVSupport/UnityEditor.AppleTV.Extensions.dll
Register platform support module: C:/Program Files/Unity/Hub/Editor/2021.3.6f1/Editor/Data/PlaybackEngines/WindowsStandaloneSupport/UnityEditor.WindowsStandalone.Extensions.dll
Registered in 0.010776 seconds.
Native extension for WindowsStandalone target not found
[usbmuxd] Start listen thread
[usbmuxd] Listen thread started
Native extension for AppleTV target not found
[usbmuxd] Start listen thread
[usbmuxd] Listen thread started
Native extension for iOS target not found
Native extension for Android target not found
Refreshing native plugins compatible for Editor in 88.42 ms, found 3 plugins.
Preloading 0 native plugins for Editor in 0.00 ms.
Mono: successfully reloaded assembly
- Completed reload, in  0.679 seconds
Domain Reload Profiling:
	ReloadAssembly (680ms)
		BeginReloadAssembly (75ms)
			ExecutionOrderSort (0ms)
			DisableScriptedObjects (0ms)
			BackupInstance (0ms)
			ReleaseScriptingObjects (0ms)
			CreateAndSetChildDomain (1ms)
		EndReloadAssembly (487ms)
			LoadAssemblies (73ms)
			RebuildTransferFunctionScriptingTraits (0ms)
			SetupTypeCache (106ms)
			ReleaseScriptCaches (0ms)
			RebuildScriptCaches (26ms)
			SetupLoadedEditorAssemblies (303ms)
				LogAssemblyErrors (0ms)
				InitializePlatformSupportModulesInManaged (76ms)
				SetLoadedEditorAssemblies (0ms)
				RefreshPlugins (89ms)
				BeforeProcessingInitializeOnLoad (1ms)
				ProcessInitializeOnLoadAttributes (93ms)
				ProcessInitializeOnLoadMethodAttributes (44ms)
				AfterProcessingInitializeOnLoad (0ms)
				EditorAssembliesLoaded (0ms)
			ExecutionOrderSort2 (0ms)
			AwakeInstancesAfterBackupRestoration (0ms)
Platform modules already initialized, skipping
Registering precompiled user dll's ...
Registered in 0.007889 seconds.
Begin MonoManager ReloadAssembly
Symbol file LoadedFromMemory doesn't match image E:\GAD170\Brief 3 - Witchies Little adventure\Lydia's short adventure\Library\PackageCache\com.unity.visualscripting@1.7.8\Editor\VisualScripting.Core\Dependencies\YamlDotNet\Unity.VisualScripting.YamlDotNet.dll
Symbol file LoadedFromMemory doesn't match image E:\GAD170\Brief 3 - Witchies Little adventure\Lydia's short adventure\Library\PackageCache\com.unity.visualscripting@1.7.8\Editor\VisualScripting.Core\Dependencies\DotNetZip\Unity.VisualScripting.IonicZip.dll
Native extension for WindowsStandalone target not found
Native extension for AppleTV target not found
Native extension for iOS target not found
Native extension for Android target not found
Refreshing native plugins compatible for Editor in 0.70 ms, found 3 plugins.
Preloading 0 native plugins for Editor in 0.00 ms.
Mono: successfully reloaded assembly
- Completed reload, in  1.038 seconds
Domain Reload Profiling:
	ReloadAssembly (1039ms)
		BeginReloadAssembly (206ms)
			ExecutionOrderSort (0ms)
			DisableScriptedObjects (5ms)
			BackupInstance (0ms)
			ReleaseScriptingObjects (0ms)
			CreateAndSetChildDomain (124ms)
		EndReloadAssembly (736ms)
			LoadAssemblies (77ms)
			RebuildTransferFunctionScriptingTraits (0ms)
			SetupTypeCache (247ms)
			ReleaseScriptCaches (1ms)
			RebuildScriptCaches (45ms)
			SetupLoadedEditorAssemblies (337ms)
				LogAssemblyErrors (0ms)
				InitializePlatformSupportModulesInManaged (25ms)
				SetLoadedEditorAssemblies (0ms)
				RefreshPlugins (1ms)
				BeforeProcessingInitializeOnLoad (81ms)
				ProcessInitializeOnLoadAttributes (197ms)
				ProcessInitializeOnLoadMethodAttributes (23ms)
				AfterProcessingInitializeOnLoad (9ms)
				EditorAssembliesLoaded (0ms)
			ExecutionOrderSort2 (0ms)
			AwakeInstancesAfterBackupRestoration (5ms)
Platform modules already initialized, skipping
========================================================================
Worker process is ready to serve import requests
Launched and connected shader compiler UnityShaderCompiler.exe after 0.05 seconds
Refreshing native plugins compatible for Editor in 0.73 ms, found 3 plugins.
Preloading 0 native plugins for Editor in 0.00 ms.
Unloading 3500 Unused Serialized files (Serialized files now loaded: 0)
Unloading 39 unused Assets / (1.3 MB). Loaded Objects now: 3948.
Memory consumption went from 130.7 MB to 129.3 MB.
Total: 3.063500 ms (FindLiveObjects: 0.292200 ms CreateObjectMapping: 0.087900 ms MarkObjects: 2.370400 ms  DeleteObjects: 0.312100 ms)

AssetImportParameters requested are different than current active one (requested -> active):
  custom:video-decoder-ogg-theora: a1e56fd34408186e4bbccfd4996cb3dc -> 
  custom:container-muxer-webm: aa71ff27fc2769a1b78a27578f13a17b -> 
  custom:container-demuxer-webm: 4f35f7cbe854078d1ac9338744f61a02 -> 
  custom:video-encoder-webm-vp8: eb34c28f22e8b96e1ab97ce403110664 -> 
  custom:audio-encoder-webm-vorbis: bf7c407c2cedff20999df2af8eb42d56 -> 
  custom:framework-win-MediaFoundation: 216162199b28c13a410421893ffa2e32 -> 
  custom:container-demuxer-ogg: 62fdf1f143b41e24485cea50d1cbac27 -> 
  custom:video-decoder-webm-vp8: 9c59270c3fd7afecdb556c50c9e8de78 -> 
  custom:audio-decoder-ogg-vorbis: bf7c407c2cedff20999df2af8eb42d56 -> 
========================================================================
Received Import Request.
  Time since last request: 62934.911907 seconds.
  path: Assets/FX_Kandol_Pack/FX_effect_sprite_image01_02/FX_magic circle_effects_free/Textures/fx_Magiccircle/Materials/fx_Magiccircle_d.mat
  artifactKey: Guid(a68e442f284a10b49b4b6ebca9fa70d7) Importer(815301076,1909f56bfc062723c751e8b465ee728b)
Start importing Assets/FX_Kandol_Pack/FX_effect_sprite_image01_02/FX_magic circle_effects_free/Textures/fx_Magiccircle/Materials/fx_Magiccircle_d.mat using Guid(a68e442f284a10b49b4b6ebca9fa70d7) Importer(815301076,1909f56bfc062723c751e8b465ee728b)  -> (artifact id: '1fb61d5adba32601c9ea473a8d2198a3') in 0.217831 seconds 
========================================================================
Received Import Request.
  Time since last request: 0.000026 seconds.
  path: Assets/FX_Kandol_Pack/FX_effect_sprite_image01_02/FX_magic circle_effects_free/Textures/fx_Magiccircle/Materials/fx_Magiccircle_p.mat
  artifactKey: Guid(c5d094d16bc54e244ad02c2cd42076e0) Importer(815301076,1909f56bfc062723c751e8b465ee728b)
Start importing Assets/FX_Kandol_Pack/FX_effect_sprite_image01_02/FX_magic circle_effects_free/Textures/fx_Magiccircle/Materials/fx_Magiccircle_p.mat using Guid(c5d094d16bc54e244ad02c2cd42076e0) Importer(815301076,1909f56bfc062723c751e8b465ee728b)  -> (artifact id: '89cafae859d70449fc2a30dd22d5b254') in 0.020276 seconds 
========================================================================
Received Import Request.
  Time since last request: 67.037254 seconds.
  path: Assets/Stylize Water Texture/Materials/Stylize Water Diffuse.mat
  artifactKey: Guid(db96e04f47f6c2a44bc6bb90f93602ec) Importer(815301076,1909f56bfc062723c751e8b465ee728b)
Start importing Assets/Stylize Water Texture/Materials/Stylize Water Diffuse.mat using Guid(db96e04f47f6c2a44bc6bb90f93602ec) Importer(815301076,1909f56bfc062723c751e8b465ee728b)  -> (artifact id: '1dd9afef50fe15b5876f58e42e592a3c') in 0.029685 seconds 
========================================================================
Received Import Request.
  Time since last request: 21.012147 seconds.
  path: Assets/SineVFX/TranslucentCrystals/Prefabs/Crystalsv01.prefab
  artifactKey: Guid(8ad137f6808375f4e885d60451f0c4fc) Importer(815301076,1909f56bfc062723c751e8b465ee728b)
Start importing Assets/SineVFX/TranslucentCrystals/Prefabs/Crystalsv01.prefab using Guid(8ad137f6808375f4e885d60451f0c4fc) Importer(815301076,1909f56bfc062723c751e8b465ee728b)  -> (artifact id: 'efe0cb8a63d1109406c3a525cdb72604') in 0.160824 seconds 
========================================================================
Received Import Request.
  Time since last request: 0.000022 seconds.
  path: Assets/SineVFX/TranslucentCrystals/Prefabs/Crystalsv08.prefab
  artifactKey: Guid(da6e8bbd483d22c449e703a7e40afde4) Importer(815301076,1909f56bfc062723c751e8b465ee728b)
Start importing Assets/SineVFX/TranslucentCrystals/Prefabs/Crystalsv08.prefab using Guid(da6e8bbd483d22c449e703a7e40afde4) Importer(815301076,1909f56bfc062723c751e8b465ee728b)  -> (artifact id: '3c2c2ebe9492e49f6ac5b139aa2fc5c4') in 0.038981 seconds 
========================================================================
Received Import Request.
  Time since last request: 0.000030 seconds.
  path: Assets/FX_Kandol_Pack/FX_effect_sprite_image01_02/FX_magic circle_effects_free/Prefabs/fx_Magiccircle_i.prefab
  artifactKey: Guid(47a2489582e01814aa4543d0bfe182ea) Importer(815301076,1909f56bfc062723c751e8b465ee728b)
Start importing Assets/FX_Kandol_Pack/FX_effect_sprite_image01_02/FX_magic circle_effects_free/Prefabs/fx_Magiccircle_i.prefab using Guid(47a2489582e01814aa4543d0bfe182ea) Importer(815301076,1909f56bfc062723c751e8b465ee728b)  -> (artifact id: '4167be6364a08f2fb3d14bad5d92d133') in 0.017637 seconds 
========================================================================
Received Import Request.
  Time since last request: 0.000031 seconds.
  path: Assets/SineVFX/TranslucentCrystals/Prefabs/Gamma/Crystalsv09.prefab
  artifactKey: Guid(124fb29879dc61540b6b3c173eeafe39) Importer(815301076,1909f56bfc062723c751e8b465ee728b)
Start importing Assets/SineVFX/TranslucentCrystals/Prefabs/Gamma/Crystalsv09.prefab using Guid(124fb29879dc61540b6b3c173eeafe39) Importer(815301076,1909f56bfc062723c751e8b465ee728b)  -> (artifact id: 'fd7b41621a950bf37d088555edfdc535') in 0.029621 seconds 
========================================================================
Received Import Request.
  Time since last request: 0.000029 seconds.
  path: Assets/SineVFX/TranslucentCrystals/Prefabs/Crystalsv09.prefab
  artifactKey: Guid(5f285e9508d4e3f4488b284bb80a0b9b) Importer(815301076,1909f56bfc062723c751e8b465ee728b)
Start importing Assets/SineVFX/TranslucentCrystals/Prefabs/Crystalsv09.prefab using Guid(5f285e9508d4e3f4488b284bb80a0b9b) Importer(815301076,1909f56bfc062723c751e8b465ee728b)  -> (artifact id: '3d582e97cc2b83e047b1f571a2fef420') in 0.034383 seconds 
========================================================================
Received Import Request.
  Time since last request: 0.000022 seconds.
  path: Assets/FX_Kandol_Pack/FX_effect_sprite_image01_02/FX_magic circle_effects_free/Prefabs/fx_Magiccircle_d.prefab
  artifactKey: Guid(944e386f97994f74990dc2e5beab8b33) Importer(815301076,1909f56bfc062723c751e8b465ee728b)
Start importing Assets/FX_Kandol_Pack/FX_effect_sprite_image01_02/FX_magic circle_effects_free/Prefabs/fx_Magiccircle_d.prefab using Guid(944e386f97994f74990dc2e5beab8b33) Importer(815301076,1909f56bfc062723c751e8b465ee728b)  -> (artifact id: '9fedf84257cd8291626d2f8a13d61ec5') in 0.017557 seconds 
========================================================================
Received Import Request.
  Time since last request: 0.000021 seconds.
  path: Assets/SineVFX/TranslucentCrystals/Prefabs/Gamma/Crystalsv04.prefab
  artifactKey: Guid(83c0a85ae9c29184883b2866a6224b0d) Importer(815301076,1909f56bfc062723c751e8b465ee728b)
Start importing Assets/SineVFX/TranslucentCrystals/Prefabs/Gamma/Crystalsv04.prefab using Guid(83c0a85ae9c29184883b2866a6224b0d) Importer(815301076,1909f56bfc062723c751e8b465ee728b)  -> (artifact id: '4fcfd81beaa00c8080c22a0ba6ee1652') in 0.037848 seconds 
========================================================================
Received Import Request.
  Time since last request: 0.000020 seconds.
  path: Assets/Kawaii Slimes/Prefabs/Slime_03 King.prefab
  artifactKey: Guid(93df5c48d5e021040916b0e984d9b01a) Importer(815301076,1909f56bfc062723c751e8b465ee728b)
Start importing Assets/Kawaii Slimes/Prefabs/Slime_03 King.prefab using Guid(93df5c48d5e021040916b0e984d9b01a) Importer(815301076,1909f56bfc062723c751e8b465ee728b)  -> (artifact id: 'f71ef01d3c42f2528de1fe02c59a1d26') in 0.007094 seconds 
========================================================================
Received Import Request.
  Time since last request: 0.000033 seconds.
  path: Assets/FX_Kandol_Pack/FX_effect_sprite_image01_02/FX_magic circle_effects_free/Prefabs/fx_Magiccircle_g.prefab
  artifactKey: Guid(3acf05b7ae6e94344b7ae2589ce0cd3f) Importer(815301076,1909f56bfc062723c751e8b465ee728b)
Start importing Assets/FX_Kandol_Pack/FX_effect_sprite_image01_02/FX_magic circle_effects_free/Prefabs/fx_Magiccircle_g.prefab using Guid(3acf05b7ae6e94344b7ae2589ce0cd3f) Importer(815301076,1909f56bfc062723c751e8b465ee728b)  -> (artifact id: '7b68ac2b23dc9d1e7b4efc8aa8dfdbc0') in 0.019679 seconds 
========================================================================
Received Import Request.
  Time since last request: 0.000028 seconds.
  path: Assets/SineVFX/TranslucentCrystals/Prefabs/Gamma/Crystalsv03.prefab
  artifactKey: Guid(df80741be051bc54c85258e839162dd4) Importer(815301076,1909f56bfc062723c751e8b465ee728b)
Start importing Assets/SineVFX/TranslucentCrystals/Prefabs/Gamma/Crystalsv03.prefab using Guid(df80741be051bc54c85258e839162dd4) Importer(815301076,1909f56bfc062723c751e8b465ee728b)  -> (artifact id: 'dad46bb44d3973afcfe2b28866e0a79d') in 0.037063 seconds 
========================================================================
Received Import Request.
  Time since last request: 0.000040 seconds.
  path: Assets/FX_Kandol_Pack/FX_effect_sprite_image01_02/FX_magic circle_effects_free/Prefabs/fx_Magiccircle_e.prefab
  artifactKey: Guid(4a151cc9d35f1e342baddb1ec7090977) Importer(815301076,1909f56bfc062723c751e8b465ee728b)
Start importing Assets/FX_Kandol_Pack/FX_effect_sprite_image01_02/FX_magic circle_effects_free/Prefabs/fx_Magiccircle_e.prefab using Guid(4a151cc9d35f1e342baddb1ec7090977) Importer(815301076,1909f56bfc062723c751e8b465ee728b)  -> (artifact id: '5e9bdfa93ebd6a4af333ee8b47c45e28') in 0.024863 seconds 
========================================================================
Received Import Request.
  Time since last request: 0.000022 seconds.
  path: Assets/SineVFX/TranslucentCrystals/Prefabs/Gamma/Crystalsv07.prefab
  artifactKey: Guid(18b2841f7a99a5f42be7e5d161545f23) Importer(815301076,1909f56bfc062723c751e8b465ee728b)
Start importing Assets/SineVFX/TranslucentCrystals/Prefabs/Gamma/Crystalsv07.prefab using Guid(18b2841f7a99a5f42be7e5d161545f23) Importer(815301076,1909f56bfc062723c751e8b465ee728b)  -> (artifact id: 'f5532907b742ca694a378e98174bc3d9') in 0.034015 seconds 
========================================================================
Received Import Request.
  Time since last request: 0.000027 seconds.
  path: Assets/Kawaii Slimes/Prefabs/Slime_03.prefab
  artifactKey: Guid(fa12db7f8a3f0714799c08ee4da865d6) Importer(815301076,1909f56bfc062723c751e8b465ee728b)
Start importing Assets/Kawaii Slimes/Prefabs/Slime_03.prefab using Guid(fa12db7f8a3f0714799c08ee4da865d6) Importer(815301076,1909f56bfc062723c751e8b465ee728b)  -> (artifact id: 'f87cfe5791039201d4bcd6f981cf7f12') in 0.007113 seconds 
========================================================================
Received Import Request.
  Time since last request: 0.000019 seconds.
  path: Assets/Kawaii Slimes/Prefabs/Slime_03 Sprout.prefab
  artifactKey: Guid(8760cc9eb30a2b340b14499b6e150dc4) Importer(815301076,1909f56bfc062723c751e8b465ee728b)
Start importing Assets/Kawaii Slimes/Prefabs/Slime_03 Sprout.prefab using Guid(8760cc9eb30a2b340b14499b6e150dc4) Importer(815301076,1909f56bfc062723c751e8b465ee728b)  -> (artifact id: '3616ffa663163e11d8936cc15a150b62') in 0.007939 seconds 
========================================================================
Received Import Request.
  Time since last request: 0.000045 seconds.
  path: Assets/FX_Kandol_Pack/FX_effect_sprite_image01_02/FX_magic circle_effects_free/Prefabs/fx_Magiccircle_h.prefab
  artifactKey: Guid(c71a49439de3f8449a2e573e8706be4a) Importer(815301076,1909f56bfc062723c751e8b465ee728b)
Start importing Assets/FX_Kandol_Pack/FX_effect_sprite_image01_02/FX_magic circle_effects_free/Prefabs/fx_Magiccircle_h.prefab using Guid(c71a49439de3f8449a2e573e8706be4a) Importer(815301076,1909f56bfc062723c751e8b465ee728b)  -> (artifact id: '1f719b40b7246b845cd5b86347f3eb61') in 0.017085 seconds 
========================================================================
Received Import Request.
  Time since last request: 0.000023 seconds.
  path: Assets/Kawaii Slimes/Prefabs/Slime_01_MeltalHelmet.prefab
  artifactKey: Guid(0ba0f6eee23032e4e83d421e739dc905) Importer(815301076,1909f56bfc062723c751e8b465ee728b)
Start importing Assets/Kawaii Slimes/Prefabs/Slime_01_MeltalHelmet.prefab using Guid(0ba0f6eee23032e4e83d421e739dc905) Importer(815301076,1909f56bfc062723c751e8b465ee728b)  -> (artifact id: '3c2425e0afb950233b48621d9394abb4') in 0.007037 seconds 
========================================================================
Received Import Request.
  Time since last request: 0.000034 seconds.
  path: Assets/FX_Kandol_Pack/FX_effect_sprite_image01_02/FX_magic circle_effects_free/Prefabs/fx_Magiccircle_p.prefab
  artifactKey: Guid(88ae62ae7dacfe145a0d8a978a7212a1) Importer(815301076,1909f56bfc062723c751e8b465ee728b)
Start importing Assets/FX_Kandol_Pack/FX_effect_sprite_image01_02/FX_magic circle_effects_free/Prefabs/fx_Magiccircle_p.prefab using Guid(88ae62ae7dacfe145a0d8a978a7212a1) Importer(815301076,1909f56bfc062723c751e8b465ee728b)  -> (artifact id: '2af86147bf7167c077654fea745cfb46') in 0.015362 seconds 
========================================================================
Received Import Request.
  Time since last request: 0.000024 seconds.
  path: Assets/FX_Kandol_Pack/FX_effect_sprite_image01_02/FX_magic circle_effects_free/Prefabs/fx_Magiccircle_j.prefab
  artifactKey: Guid(6de66d26c25221b43b09d8881f960faf) Importer(815301076,1909f56bfc062723c751e8b465ee728b)
Start importing Assets/FX_Kandol_Pack/FX_effect_sprite_image01_02/FX_magic circle_effects_free/Prefabs/fx_Magiccircle_j.prefab using Guid(6de66d26c25221b43b09d8881f960faf) Importer(815301076,1909f56bfc062723c751e8b465ee728b)  -> (artifact id: 'dd916b550de969aa60f8528dd3714316') in 0.011579 seconds 
========================================================================
Received Import Request.
  Time since last request: 0.000032 seconds.
  path: Assets/FX_Kandol_Pack/FX_effect_sprite_image01_02/FX_magic circle_effects_free/Prefabs/fx_Magiccircle_n.prefab
  artifactKey: Guid(f5c7819136a22504a86252f844da0ad5) Importer(815301076,1909f56bfc062723c751e8b465ee728b)
Start importing Assets/FX_Kandol_Pack/FX_effect_sprite_image01_02/FX_magic circle_effects_free/Prefabs/fx_Magiccircle_n.prefab using Guid(f5c7819136a22504a86252f844da0ad5) Importer(815301076,1909f56bfc062723c751e8b465ee728b)  -> (artifact id: '53d83f40e650580703365389169e824f') in 0.017640 seconds 
========================================================================
Received Import Request.
  Time since last request: 0.000022 seconds.
  path: Assets/SineVFX/TranslucentCrystals/Prefabs/Crystalsv04.prefab
  artifactKey: Guid(ff31047102e4ad54da5383aa244844cf) Importer(815301076,1909f56bfc062723c751e8b465ee728b)
Start importing Assets/SineVFX/TranslucentCrystals/Prefabs/Crystalsv04.prefab using Guid(ff31047102e4ad54da5383aa244844cf) Importer(815301076,1909f56bfc062723c751e8b465ee728b)  -> (artifact id: '12b8a8dbcc3a2f68ec62b2bbb587a507') in 0.037546 seconds 
========================================================================
Received Import Request.
  Time since last request: 0.000032 seconds.
  path: Assets/FX_Kandol_Pack/FX_effect_sprite_image01_02/FX_magic circle_effects_free/Prefabs/fx_Magiccircle_k.prefab
  artifactKey: Guid(0b4a808612aeef443978d1dbfb837dff) Importer(815301076,1909f56bfc062723c751e8b465ee728b)
Start importing Assets/FX_Kandol_Pack/FX_effect_sprite_image01_02/FX_magic circle_effects_free/Prefabs/fx_Magiccircle_k.prefab using Guid(0b4a808612aeef443978d1dbfb837dff) Importer(815301076,1909f56bfc062723c751e8b465ee728b)  -> (artifact id: '69cb3b5a2c785f71efbf742a44af9d8b') in 0.098132 seconds 
========================================================================
Received Import Request.
  Time since last request: 0.000038 seconds.
  path: Assets/FX_Kandol_Pack/FX_effect_sprite_image01_02/FX_magic circle_effects_free/Prefabs/fx_Magiccircle_a.prefab
  artifactKey: Guid(6549634101cfcb240a16a7c79ce24e34) Importer(815301076,1909f56bfc062723c751e8b465ee728b)
Start importing Assets/FX_Kandol_Pack/FX_effect_sprite_image01_02/FX_magic circle_effects_free/Prefabs/fx_Magiccircle_a.prefab using Guid(6549634101cfcb240a16a7c79ce24e34) Importer(815301076,1909f56bfc062723c751e8b465ee728b)  -> (artifact id: '5ddd56c2ad42a52b5d571210ecc56fb0') in 0.028454 seconds 
========================================================================
Received Import Request.
  Time since last request: 10.776143 seconds.
  path: Assets/Flat Textures Pack/Materials/Water_C.mat
  artifactKey: Guid(aca82f8a42433894199632974fbd0681) Importer(815301076,1909f56bfc062723c751e8b465ee728b)
Start importing Assets/Flat Textures Pack/Materials/Water_C.mat using Guid(aca82f8a42433894199632974fbd0681) Importer(815301076,1909f56bfc062723c751e8b465ee728b)  -> (artifact id: '27497e2ddd74ee1a1e600222e431724b') in 0.017005 seconds 
========================================================================
Received Import Request.
  Time since last request: 0.000020 seconds.
  path: Assets/Flat Textures Pack/Materials/Winter_Roots.mat
  artifactKey: Guid(5c02dae6770af354d97ceaacb0dcfaa3) Importer(815301076,1909f56bfc062723c751e8b465ee728b)
Start importing Assets/Flat Textures Pack/Materials/Winter_Roots.mat using Guid(5c02dae6770af354d97ceaacb0dcfaa3) Importer(815301076,1909f56bfc062723c751e8b465ee728b)  -> (artifact id: '69f5f44c5e9547b5c90681ef0c8b1ffc') in 0.015280 seconds 
========================================================================
Received Import Request.
  Time since last request: 0.000020 seconds.
  path: Assets/Flat Textures Pack/Materials/Winter_Flower.mat
  artifactKey: Guid(539f75970f8b10e43ace7f872679d0b2) Importer(815301076,1909f56bfc062723c751e8b465ee728b)
Start importing Assets/Flat Textures Pack/Materials/Winter_Flower.mat using Guid(539f75970f8b10e43ace7f872679d0b2) Importer(815301076,1909f56bfc062723c751e8b465ee728b)  -> (artifact id: '2c17de797d8dfbb756d9b3c9740c254f') in 0.013890 seconds 
========================================================================
Received Import Request.
  Time since last request: 0.000031 seconds.
  path: Assets/Flat Textures Pack/Materials/Winter_Spores.mat
  artifactKey: Guid(b212d6d3e65f24a41a49b9361880e85f) Importer(815301076,1909f56bfc062723c751e8b465ee728b)
Start importing Assets/Flat Textures Pack/Materials/Winter_Spores.mat using Guid(b212d6d3e65f24a41a49b9361880e85f) Importer(815301076,1909f56bfc062723c751e8b465ee728b)  -> (artifact id: '61b42cc28ff1e232cf57dcf8c0eec215') in 0.013581 seconds 
========================================================================
Received Import Request.
  Time since last request: 0.000024 seconds.
  path: Assets/Flat Textures Pack/Materials/WInter_Snow_Rocks.mat
  artifactKey: Guid(a080f7b6b977d1d478336b9f12f52fdd) Importer(815301076,1909f56bfc062723c751e8b465ee728b)
Start importing Assets/Flat Textures Pack/Materials/WInter_Snow_Rocks.mat using Guid(a080f7b6b977d1d478336b9f12f52fdd) Importer(815301076,1909f56bfc062723c751e8b465ee728b)  -> (artifact id: '719b2b03721ea1916206a6fd8f828bc8') in 0.016896 seconds 
========================================================================
Received Import Request.
  Time since last request: 0.000018 seconds.
  path: Assets/Flat Textures Pack/Materials/Winter_Wall.mat
  artifactKey: Guid(225f4cc257a1e38498996437dc0c3f50) Importer(815301076,1909f56bfc062723c751e8b465ee728b)
Start importing Assets/Flat Textures Pack/Materials/Winter_Wall.mat using Guid(225f4cc257a1e38498996437dc0c3f50) Importer(815301076,1909f56bfc062723c751e8b465ee728b)  -> (artifact id: 'c110cf7fa145aa7e9beb055773044cd7') in 0.016227 seconds 
========================================================================
Received Import Request.
  Time since last request: 0.000020 seconds.
  path: Assets/Flat Textures Pack/Materials/Winter_ce_Cracked_B.mat
  artifactKey: Guid(082b415688deccc41961d7655a19de0c) Importer(815301076,1909f56bfc062723c751e8b465ee728b)
Start importing Assets/Flat Textures Pack/Materials/Winter_ce_Cracked_B.mat using Guid(082b415688deccc41961d7655a19de0c) Importer(815301076,1909f56bfc062723c751e8b465ee728b)  -> (artifact id: 'b64d4a845e52755a1399deb6be1d7fc8') in 0.017720 seconds 
========================================================================
Received Import Request.
  Time since last request: 0.000025 seconds.
  path: Assets/Flat Textures Pack/Materials/Winter_IceCliff.mat
  artifactKey: Guid(41b973d990ff1c748a4f9a7c29998342) Importer(815301076,1909f56bfc062723c751e8b465ee728b)
Start importing Assets/Flat Textures Pack/Materials/Winter_IceCliff.mat using Guid(41b973d990ff1c748a4f9a7c29998342) Importer(815301076,1909f56bfc062723c751e8b465ee728b)  -> (artifact id: 'd90d4788e73a39c1545ce79b35e46189') in 0.015517 seconds 
========================================================================
Received Import Request.
  Time since last request: 32.718260 seconds.
  path: Assets/Stylize Water Texture/Textures/Vol_36_5_Emissive.png
  artifactKey: Guid(92de9fbb5fd25fe40a72ae7751d83b52) Importer(815301076,1909f56bfc062723c751e8b465ee728b)
Start importing Assets/Stylize Water Texture/Textures/Vol_36_5_Emissive.png using Guid(92de9fbb5fd25fe40a72ae7751d83b52) Importer(815301076,1909f56bfc062723c751e8b465ee728b)  -> (artifact id: '8b5c01c86e00df3b3adc117daea84332') in 0.061963 seconds 
========================================================================
Received Prepare
Registering precompiled user dll's ...
Registered in 0.009370 seconds.
Begin MonoManager ReloadAssembly
Symbol file LoadedFromMemory doesn't match image E:\GAD170\Brief 3 - Witchies Little adventure\Lydia's short adventure\Library\PackageCache\com.unity.visualscripting@1.7.8\Editor\VisualScripting.Core\Dependencies\YamlDotNet\Unity.VisualScripting.YamlDotNet.dll
Symbol file LoadedFromMemory doesn't match image E:\GAD170\Brief 3 - Witchies Little adventure\Lydia's short adventure\Library\PackageCache\com.unity.visualscripting@1.7.8\Editor\VisualScripting.Core\Dependencies\DotNetZip\Unity.VisualScripting.IonicZip.dll
Native extension for WindowsStandalone target not found
Native extension for AppleTV target not found
Native extension for iOS target not found
Native extension for Android target not found
Refreshing native plugins compatible for Editor in 1.23 ms, found 3 plugins.
Preloading 0 native plugins for Editor in 0.00 ms.
Mono: successfully reloaded assembly
- Completed reload, in  1.004 seconds
Domain Reload Profiling:
	ReloadAssembly (1005ms)
		BeginReloadAssembly (152ms)
			ExecutionOrderSort (0ms)
			DisableScriptedObjects (3ms)
			BackupInstance (0ms)
			ReleaseScriptingObjects (0ms)
			CreateAndSetChildDomain (41ms)
		EndReloadAssembly (749ms)
			LoadAssemblies (95ms)
			RebuildTransferFunctionScriptingTraits (0ms)
			SetupTypeCache (238ms)
			ReleaseScriptCaches (1ms)
			RebuildScriptCaches (44ms)
			SetupLoadedEditorAssemblies (331ms)
				LogAssemblyErrors (0ms)
				InitializePlatformSupportModulesInManaged (38ms)
				SetLoadedEditorAssemblies (1ms)
				RefreshPlugins (1ms)
				BeforeProcessingInitializeOnLoad (65ms)
				ProcessInitializeOnLoadAttributes (189ms)
				ProcessInitializeOnLoadMethodAttributes (27ms)
				AfterProcessingInitializeOnLoad (10ms)
				EditorAssembliesLoaded (0ms)
			ExecutionOrderSort2 (0ms)
			AwakeInstancesAfterBackupRestoration (7ms)
Platform modules already initialized, skipping
Refreshing native plugins compatible for Editor in 1.84 ms, found 3 plugins.
Preloading 0 native plugins for Editor in 0.00 ms.
Unloading 3466 Unused Serialized files (Serialized files now loaded: 0)
Unloading 32 unused Assets / (1.3 MB). Loaded Objects now: 3994.
Memory consumption went from 132.7 MB to 131.4 MB.
Total: 3.012800 ms (FindLiveObjects: 0.294700 ms CreateObjectMapping: 0.079500 ms MarkObjects: 2.335800 ms  DeleteObjects: 0.301700 ms)

AssetImportParameters requested are different than current active one (requested -> active):
  custom:video-decoder-ogg-theora: a1e56fd34408186e4bbccfd4996cb3dc -> 
  custom:container-muxer-webm: aa71ff27fc2769a1b78a27578f13a17b -> 
  custom:container-demuxer-webm: 4f35f7cbe854078d1ac9338744f61a02 -> 
  custom:video-encoder-webm-vp8: eb34c28f22e8b96e1ab97ce403110664 -> 
  custom:audio-encoder-webm-vorbis: bf7c407c2cedff20999df2af8eb42d56 -> 
  custom:framework-win-MediaFoundation: 216162199b28c13a410421893ffa2e32 -> 
  custom:container-demuxer-ogg: 62fdf1f143b41e24485cea50d1cbac27 -> 
  custom:video-decoder-webm-vp8: 9c59270c3fd7afecdb556c50c9e8de78 -> 
  custom:audio-decoder-ogg-vorbis: bf7c407c2cedff20999df2af8eb42d56 -> 
========================================================================
Received Import Request.
  Time since last request: 48.418823 seconds.
  path: Assets/Blink/Art/Textures/StylizedDesertTextures/Rocks_1_Sand_3/Rocks_1_Sand_3_BaseColor.png
  artifactKey: Guid(6fa7161420bbd60419693f2519d83d78) Importer(815301076,1909f56bfc062723c751e8b465ee728b)
Start importing Assets/Blink/Art/Textures/StylizedDesertTextures/Rocks_1_Sand_3/Rocks_1_Sand_3_BaseColor.png using Guid(6fa7161420bbd60419693f2519d83d78) Importer(815301076,1909f56bfc062723c751e8b465ee728b)  -> (artifact id: '94d7bdcbab5e373682f4f67cad5f5e28') in 0.072845 seconds 
Editor requested this worker to shutdown with reason: Scaling down because of idle timeout
AssetImportWorker is now disconnected from the server
Process exiting
Exiting without the bug reporter. Application will terminate with return code 0