Using pre-set license
Built from '2021.3/staging' branch; Version is '2021.3.6f1 (7da38d85baf6) revision 8233869'; Using compiler version '192829333'; Build Type 'Release'
OS: 'Windows 11  (10.0.22621) 64bit Core' Language: 'en' Physical Memory: 16331 MB
BatchMode: 1, IsHumanControllingUs: 0, StartBugReporterOnCrash: 0, Is64bit: 1, IsPro: 1

COMMAND LINE ARGUMENTS:
C:\Program Files\Unity\Hub\Editor\2021.3.6f1\Editor\Unity.exe
-adb2
-batchMode
-noUpm
-name
AssetImportWorker19
-projectPath
C:/Users/Ebony Bloodmoon/OneDrive/Documents/Lydia's short adventure
-logFile
Logs/AssetImportWorker19.log
-srvPort
63604
Successfully changed project path to: C:/Users/Ebony Bloodmoon/OneDrive/Documents/Lydia's short adventure
C:/Users/Ebony Bloodmoon/OneDrive/Documents/Lydia's short adventure
[UnityMemory] Configuration Parameters - Can be set up in boot.config
    "memorysetup-bucket-allocator-granularity=16"
    "memorysetup-bucket-allocator-bucket-count=8"
    "memorysetup-bucket-allocator-block-size=33554432"
    "memorysetup-bucket-allocator-block-count=8"
    "memorysetup-main-allocator-block-size=16777216"
    "memorysetup-thread-allocator-block-size=16777216"
    "memorysetup-gfx-main-allocator-block-size=16777216"
    "memorysetup-gfx-thread-allocator-block-size=16777216"
    "memorysetup-cache-allocator-block-size=4194304"
    "memorysetup-typetree-allocator-block-size=2097152"
    "memorysetup-profiler-bucket-allocator-granularity=16"
    "memorysetup-profiler-bucket-allocator-bucket-count=8"
    "memorysetup-profiler-bucket-allocator-block-size=33554432"
    "memorysetup-profiler-bucket-allocator-block-count=8"
    "memorysetup-profiler-allocator-block-size=16777216"
    "memorysetup-profiler-editor-allocator-block-size=1048576"
    "memorysetup-temp-allocator-size-main=16777216"
    "memorysetup-job-temp-allocator-block-size=2097152"
    "memorysetup-job-temp-allocator-block-size-background=1048576"
    "memorysetup-job-temp-allocator-reduction-small-platforms=262144"
    "memorysetup-temp-allocator-size-background-worker=32768"
    "memorysetup-temp-allocator-size-job-worker=262144"
    "memorysetup-temp-allocator-size-preload-manager=33554432"
    "memorysetup-temp-allocator-size-nav-mesh-worker=65536"
    "memorysetup-temp-allocator-size-audio-worker=65536"
    "memorysetup-temp-allocator-size-cloud-worker=32768"
    "memorysetup-temp-allocator-size-gi-baking-worker=262144"
    "memorysetup-temp-allocator-size-gfx=262144"
Refreshing native plugins compatible for Editor in 103.59 ms, found 3 plugins.
Preloading 0 native plugins for Editor in 0.00 ms.
Initialize engine version: 2021.3.6f1 (7da38d85baf6)
[Subsystems] Discovering subsystems at path C:/Program Files/Unity/Hub/Editor/2021.3.6f1/Editor/Data/Resources/UnitySubsystems
[Subsystems] Discovering subsystems at path C:/Users/Ebony Bloodmoon/OneDrive/Documents/Lydia's short adventure/Assets
GfxDevice: creating device client; threaded=0; jobified=0
Direct3D:
    Version:  Direct3D 11.0 [level 11.1]
    Renderer: AMD Radeon RX 6600 XT (ID=0x73ff)
    Vendor:   ATI
    VRAM:     8147 MB
    Driver:   27.20.22016.2
Initialize mono
Mono path[0] = 'C:/Program Files/Unity/Hub/Editor/2021.3.6f1/Editor/Data/Managed'
Mono path[1] = 'C:/Program Files/Unity/Hub/Editor/2021.3.6f1/Editor/Data/MonoBleedingEdge/lib/mono/unityjit-win32'
Mono config path = 'C:/Program Files/Unity/Hub/Editor/2021.3.6f1/Editor/Data/MonoBleedingEdge/etc'
Using monoOptions --debugger-agent=transport=dt_socket,embedding=1,server=y,suspend=n,address=127.0.0.1:56792
Begin MonoManager ReloadAssembly
Registering precompiled unity dll's ...
Register platform support module: C:/Program Files/Unity/Hub/Editor/2021.3.6f1/Editor/Data/PlaybackEngines/AndroidPlayer/UnityEditor.Android.Extensions.dll
Register platform support module: C:/Program Files/Unity/Hub/Editor/2021.3.6f1/Editor/Data/PlaybackEngines/iOSSupport/UnityEditor.iOS.Extensions.dll
Register platform support module: C:/Program Files/Unity/Hub/Editor/2021.3.6f1/Editor/Data/PlaybackEngines/AppleTVSupport/UnityEditor.AppleTV.Extensions.dll
Register platform support module: C:/Program Files/Unity/Hub/Editor/2021.3.6f1/Editor/Data/PlaybackEngines/WindowsStandaloneSupport/UnityEditor.WindowsStandalone.Extensions.dll
Registered in 0.012290 seconds.
Native extension for WindowsStandalone target not found
[usbmuxd] Start listen thread
[usbmuxd] Listen thread started
Native extension for AppleTV target not found
[usbmuxd] Start listen thread
[usbmuxd] Listen thread started
Native extension for iOS target not found
Native extension for Android target not found
Refreshing native plugins compatible for Editor in 98.93 ms, found 3 plugins.
Preloading 0 native plugins for Editor in 0.00 ms.
Mono: successfully reloaded assembly
- Completed reload, in  0.720 seconds
Domain Reload Profiling:
	ReloadAssembly (720ms)
		BeginReloadAssembly (91ms)
			ExecutionOrderSort (0ms)
			DisableScriptedObjects (0ms)
			BackupInstance (0ms)
			ReleaseScriptingObjects (0ms)
			CreateAndSetChildDomain (1ms)
		EndReloadAssembly (498ms)
			LoadAssemblies (88ms)
			RebuildTransferFunctionScriptingTraits (0ms)
			SetupTypeCache (109ms)
			ReleaseScriptCaches (0ms)
			RebuildScriptCaches (29ms)
			SetupLoadedEditorAssemblies (304ms)
				LogAssemblyErrors (0ms)
				InitializePlatformSupportModulesInManaged (70ms)
				SetLoadedEditorAssemblies (0ms)
				RefreshPlugins (99ms)
				BeforeProcessingInitializeOnLoad (1ms)
				ProcessInitializeOnLoadAttributes (93ms)
				ProcessInitializeOnLoadMethodAttributes (41ms)
				AfterProcessingInitializeOnLoad (0ms)
				EditorAssembliesLoaded (0ms)
			ExecutionOrderSort2 (0ms)
			AwakeInstancesAfterBackupRestoration (0ms)
Platform modules already initialized, skipping
Registering precompiled user dll's ...
Registered in 0.011015 seconds.
Begin MonoManager ReloadAssembly
Symbol file LoadedFromMemory doesn't match image C:\Users\Ebony Bloodmoon\OneDrive\Documents\Lydia's short adventure\Library\PackageCache\com.unity.visualscripting@1.7.8\Editor\VisualScripting.Core\Dependencies\YamlDotNet\Unity.VisualScripting.YamlDotNet.dll
Symbol file LoadedFromMemory doesn't match image C:\Users\Ebony Bloodmoon\OneDrive\Documents\Lydia's short adventure\Library\PackageCache\com.unity.visualscripting@1.7.8\Editor\VisualScripting.Core\Dependencies\DotNetZip\Unity.VisualScripting.IonicZip.dll
Native extension for WindowsStandalone target not found
Native extension for AppleTV target not found
Native extension for iOS target not found
Native extension for Android target not found
Refreshing native plugins compatible for Editor in 0.74 ms, found 3 plugins.
Preloading 0 native plugins for Editor in 0.00 ms.
Mono: successfully reloaded assembly
- Completed reload, in  1.143 seconds
Domain Reload Profiling:
	ReloadAssembly (1144ms)
		BeginReloadAssembly (231ms)
			ExecutionOrderSort (0ms)
			DisableScriptedObjects (6ms)
			BackupInstance (0ms)
			ReleaseScriptingObjects (0ms)
			CreateAndSetChildDomain (127ms)
		EndReloadAssembly (801ms)
			LoadAssemblies (112ms)
			RebuildTransferFunctionScriptingTraits (0ms)
			SetupTypeCache (252ms)
			ReleaseScriptCaches (1ms)
			RebuildScriptCaches (46ms)
			SetupLoadedEditorAssemblies (365ms)
				LogAssemblyErrors (0ms)
				InitializePlatformSupportModulesInManaged (27ms)
				SetLoadedEditorAssemblies (0ms)
				RefreshPlugins (1ms)
				BeforeProcessingInitializeOnLoad (87ms)
				ProcessInitializeOnLoadAttributes (215ms)
				ProcessInitializeOnLoadMethodAttributes (24ms)
				AfterProcessingInitializeOnLoad (11ms)
				EditorAssembliesLoaded (0ms)
			ExecutionOrderSort2 (0ms)
			AwakeInstancesAfterBackupRestoration (7ms)
Platform modules already initialized, skipping
========================================================================
Worker process is ready to serve import requests
Shader 'SimpleURPToonLitExample(With Outline)': fallback shader 'Hidden/Universal Render Pipeline/FallbackError' not found
Shader 'SimpleURPToonLitExample(With Outline)': fallback shader 'Hidden/Universal Render Pipeline/FallbackError' not found
Launched and connected shader compiler UnityShaderCompiler.exe after 0.05 seconds
Refreshing native plugins compatible for Editor in 0.80 ms, found 3 plugins.
Preloading 0 native plugins for Editor in 0.00 ms.
Unloading 3464 Unused Serialized files (Serialized files now loaded: 0)
Unloading 28 unused Assets / (199.9 KB). Loaded Objects now: 3932.
Memory consumption went from 125.3 MB to 125.1 MB.
Total: 2.940400 ms (FindLiveObjects: 0.285700 ms CreateObjectMapping: 0.089400 ms MarkObjects: 2.421900 ms  DeleteObjects: 0.142300 ms)

AssetImportParameters requested are different than current active one (requested -> active):
  custom:video-decoder-ogg-theora: a1e56fd34408186e4bbccfd4996cb3dc -> 
  custom:container-muxer-webm: aa71ff27fc2769a1b78a27578f13a17b -> 
  custom:container-demuxer-webm: 4f35f7cbe854078d1ac9338744f61a02 -> 
  custom:video-encoder-webm-vp8: eb34c28f22e8b96e1ab97ce403110664 -> 
  custom:audio-encoder-webm-vorbis: bf7c407c2cedff20999df2af8eb42d56 -> 
  custom:framework-win-MediaFoundation: 216162199b28c13a410421893ffa2e32 -> 
  custom:container-demuxer-ogg: 62fdf1f143b41e24485cea50d1cbac27 -> 
  custom:video-decoder-webm-vp8: 9c59270c3fd7afecdb556c50c9e8de78 -> 
  custom:audio-decoder-ogg-vorbis: bf7c407c2cedff20999df2af8eb42d56 -> 
========================================================================
Received Import Request.
  Time since last request: 328586.142016 seconds.
  path: Assets/Modelsandtextures/QuaysideGames/TileDungeon/Art/Materials/Demo_DividerWall.mat
  artifactKey: Guid(051e6ffd5bf8946498f612966254f6d2) Importer(815301076,1909f56bfc062723c751e8b465ee728b)
Start importing Assets/Modelsandtextures/QuaysideGames/TileDungeon/Art/Materials/Demo_DividerWall.mat using Guid(051e6ffd5bf8946498f612966254f6d2) Importer(815301076,1909f56bfc062723c751e8b465ee728b)  -> (artifact id: 'b4131626205567c7f8046308b4024d07') in 0.181365 seconds 
========================================================================
Received Import Request.
  Time since last request: 0.000031 seconds.
  path: Assets/Modelsandtextures/QuaysideGames/TileDungeon/Art/Materials/Demo_Pillar.mat
  artifactKey: Guid(fdbc84d327f92d648a38f5b22a2c72c2) Importer(815301076,1909f56bfc062723c751e8b465ee728b)
Start importing Assets/Modelsandtextures/QuaysideGames/TileDungeon/Art/Materials/Demo_Pillar.mat using Guid(fdbc84d327f92d648a38f5b22a2c72c2) Importer(815301076,1909f56bfc062723c751e8b465ee728b)  -> (artifact id: '578aa1410ff5a901763ce6d93cb04145') in 0.026587 seconds 
========================================================================
Received Import Request.
  Time since last request: 4.965280 seconds.
  path: Assets/Modelsandtextures/QuaysideGames/TileDungeon/Art/Textures/Demo_DividerWallArchPaint_pbr_normal.png
  artifactKey: Guid(cb7804946957f4149bb5d04dc87e6bd8) Importer(815301076,1909f56bfc062723c751e8b465ee728b)
Start importing Assets/Modelsandtextures/QuaysideGames/TileDungeon/Art/Textures/Demo_DividerWallArchPaint_pbr_normal.png using Guid(cb7804946957f4149bb5d04dc87e6bd8) Importer(815301076,1909f56bfc062723c751e8b465ee728b)  -> (artifact id: 'b3d08389deb7a648bc92f785d95faa27') in 0.102140 seconds 
========================================================================
Received Import Request.
  Time since last request: 0.000050 seconds.
  path: Assets/Modelsandtextures/QuaysideGames/TileDungeon/Art/Textures/Demo_PillarPaint_pbr_specular.png
  artifactKey: Guid(5d1db7d66a6b3b64aaa190a7c2b1650b) Importer(815301076,1909f56bfc062723c751e8b465ee728b)
Start importing Assets/Modelsandtextures/QuaysideGames/TileDungeon/Art/Textures/Demo_PillarPaint_pbr_specular.png using Guid(5d1db7d66a6b3b64aaa190a7c2b1650b) Importer(815301076,1909f56bfc062723c751e8b465ee728b)  -> (artifact id: '0d54b785a4a50ec48395fc212d1fac99') in 0.013287 seconds 
========================================================================
Received Import Request.
  Time since last request: 0.000037 seconds.
  path: Assets/Modelsandtextures/QuaysideGames/TileDungeon/Art/Textures/Demo_FloorPaint_pbr_specular.png
  artifactKey: Guid(e5063ad2b3f540e45adc65df099d6efe) Importer(815301076,1909f56bfc062723c751e8b465ee728b)
Start importing Assets/Modelsandtextures/QuaysideGames/TileDungeon/Art/Textures/Demo_FloorPaint_pbr_specular.png using Guid(e5063ad2b3f540e45adc65df099d6efe) Importer(815301076,1909f56bfc062723c751e8b465ee728b)  -> (artifact id: '643c130600125bd4f1d4ca3e7f2113e5') in 0.016890 seconds 
========================================================================
Received Import Request.
  Time since last request: 0.000038 seconds.
  path: Assets/Modelsandtextures/QuaysideGames/TileDungeon/Art/Textures/Demo_WallPaint_pbr_normal.png
  artifactKey: Guid(f20c9709a88265d4580cc4a6ee975da3) Importer(815301076,1909f56bfc062723c751e8b465ee728b)
Start importing Assets/Modelsandtextures/QuaysideGames/TileDungeon/Art/Textures/Demo_WallPaint_pbr_normal.png using Guid(f20c9709a88265d4580cc4a6ee975da3) Importer(815301076,1909f56bfc062723c751e8b465ee728b)  -> (artifact id: 'cd0345fe08aed379b53d84c492e41f4f') in 0.018158 seconds 
========================================================================
Received Import Request.
  Time since last request: 0.000030 seconds.
  path: Assets/Modelsandtextures/QuaysideGames/TileDungeon/Art/Textures/Stone_PillarPaint_Bake1_pbr_specular.png
  artifactKey: Guid(70df9971655403b4a9f37ea3019cf3a8) Importer(815301076,1909f56bfc062723c751e8b465ee728b)
Start importing Assets/Modelsandtextures/QuaysideGames/TileDungeon/Art/Textures/Stone_PillarPaint_Bake1_pbr_specular.png using Guid(70df9971655403b4a9f37ea3019cf3a8) Importer(815301076,1909f56bfc062723c751e8b465ee728b)  -> (artifact id: '00b64c230ef6cbf6550800bcb8edba98') in 0.016956 seconds 
========================================================================
Received Import Request.
  Time since last request: 0.000025 seconds.
  path: Assets/Modelsandtextures/QuaysideGames/TileDungeon/Art/Textures/Demo_DividerWallPaint_pbr_diffuse.png
  artifactKey: Guid(fd06d3e926a9e01449fee3064d46057a) Importer(815301076,1909f56bfc062723c751e8b465ee728b)
Start importing Assets/Modelsandtextures/QuaysideGames/TileDungeon/Art/Textures/Demo_DividerWallPaint_pbr_diffuse.png using Guid(fd06d3e926a9e01449fee3064d46057a) Importer(815301076,1909f56bfc062723c751e8b465ee728b)  -> (artifact id: '9feec18550dd0619ff329d1083173af0') in 0.016332 seconds 
========================================================================
Received Import Request.
  Time since last request: 0.000029 seconds.
  path: Assets/Modelsandtextures/QuaysideGames/TileDungeon/Art/Textures/Demo_FloorPaint_pbr_roughness.png
  artifactKey: Guid(2096e1fc5265d874f9178533139dc083) Importer(815301076,1909f56bfc062723c751e8b465ee728b)
Start importing Assets/Modelsandtextures/QuaysideGames/TileDungeon/Art/Textures/Demo_FloorPaint_pbr_roughness.png using Guid(2096e1fc5265d874f9178533139dc083) Importer(815301076,1909f56bfc062723c751e8b465ee728b)  -> (artifact id: 'c717c4f142d97c21faa6fd2d36b14de3') in 0.015364 seconds 
========================================================================
Received Import Request.
  Time since last request: 0.000027 seconds.
  path: Assets/Modelsandtextures/QuaysideGames/TileDungeon/Art/Textures/Stone_WallPaint_Bake1_pbr_roughness.png
  artifactKey: Guid(bdbb893db7cb3494db7027ccf253bdbf) Importer(815301076,1909f56bfc062723c751e8b465ee728b)
Start importing Assets/Modelsandtextures/QuaysideGames/TileDungeon/Art/Textures/Stone_WallPaint_Bake1_pbr_roughness.png using Guid(bdbb893db7cb3494db7027ccf253bdbf) Importer(815301076,1909f56bfc062723c751e8b465ee728b)  -> (artifact id: '7a700f1d82376cc3678bc4ace8162c47') in 0.012577 seconds 
========================================================================
Received Import Request.
  Time since last request: 0.000037 seconds.
  path: Assets/Modelsandtextures/QuaysideGames/TileDungeon/Art/Textures/Stone_PillarPaint_Bake1_pbr_normal.png
  artifactKey: Guid(f3d1c5cd7c0cea64f8bc0be1c95cbe4a) Importer(815301076,1909f56bfc062723c751e8b465ee728b)
Start importing Assets/Modelsandtextures/QuaysideGames/TileDungeon/Art/Textures/Stone_PillarPaint_Bake1_pbr_normal.png using Guid(f3d1c5cd7c0cea64f8bc0be1c95cbe4a) Importer(815301076,1909f56bfc062723c751e8b465ee728b)  -> (artifact id: 'd40fa04e75d2377fe8fbb3192133109e') in 0.015893 seconds 
========================================================================
Received Import Request.
  Time since last request: 0.000029 seconds.
  path: Assets/Modelsandtextures/QuaysideGames/TileDungeon/Art/Textures/Demo_DoorPaint_pbr_diffuse.png
  artifactKey: Guid(a379cb02c4307e346bb9d480577d554b) Importer(815301076,1909f56bfc062723c751e8b465ee728b)
Start importing Assets/Modelsandtextures/QuaysideGames/TileDungeon/Art/Textures/Demo_DoorPaint_pbr_diffuse.png using Guid(a379cb02c4307e346bb9d480577d554b) Importer(815301076,1909f56bfc062723c751e8b465ee728b)  -> (artifact id: 'a97fe945ae59e0bee66a5d784bce6d17') in 0.012024 seconds 
========================================================================
Received Import Request.
  Time since last request: 0.000025 seconds.
  path: Assets/Modelsandtextures/QuaysideGames/TileDungeon/Art/Textures/Demo_DividerWallPaint_pbr_normal.png
  artifactKey: Guid(a64cb5d0401a4504bb2f51b67f13abca) Importer(815301076,1909f56bfc062723c751e8b465ee728b)
Start importing Assets/Modelsandtextures/QuaysideGames/TileDungeon/Art/Textures/Demo_DividerWallPaint_pbr_normal.png using Guid(a64cb5d0401a4504bb2f51b67f13abca) Importer(815301076,1909f56bfc062723c751e8b465ee728b)  -> (artifact id: 'cdc627506155145b9ac7e5dc38669f07') in 0.016000 seconds 
========================================================================
Received Import Request.
  Time since last request: 16.598848 seconds.
  path: Assets/Modelsandtextures/Free Fantasy Adventure Music Pack/Age_of_Darkness__10s_Intro_Choir.wav
  artifactKey: Guid(a93ce8dd966882c4389385f52048895d) Importer(815301076,1909f56bfc062723c751e8b465ee728b)
Start importing Assets/Modelsandtextures/Free Fantasy Adventure Music Pack/Age_of_Darkness__10s_Intro_Choir.wav using Guid(a93ce8dd966882c4389385f52048895d) Importer(815301076,1909f56bfc062723c751e8b465ee728b)  -> (artifact id: '9835696d53bc43fb1b4d8843254d5f25') in 0.068040 seconds 
========================================================================
Received Import Request.
  Time since last request: 0.000022 seconds.
  path: Assets/Modelsandtextures/Free Fantasy Adventure Music Pack/Time_for_Battle__30s_Loop.wav
  artifactKey: Guid(f480091c3c59e4f49a590777b7d70f20) Importer(815301076,1909f56bfc062723c751e8b465ee728b)
Start importing Assets/Modelsandtextures/Free Fantasy Adventure Music Pack/Time_for_Battle__30s_Loop.wav using Guid(f480091c3c59e4f49a590777b7d70f20) Importer(815301076,1909f56bfc062723c751e8b465ee728b)  -> (artifact id: 'b8951fd34f91683fb2deef32d81af409') in 0.013658 seconds 
Editor requested this worker to shutdown with reason: Scaling down because of idle timeout
AssetImportWorker is now disconnected from the server
Process exiting
Exiting without the bug reporter. Application will terminate with return code 0